#
# There is insufficient memory for the Java Runtime Environment to continue.
# Native memory allocation (malloc) failed to allocate 184576 bytes for Chunk::new
# Possible reasons:
#   The system is out of physical RAM or swap space
#   In 32 bit mode, the process size limit was hit
# Possible solutions:
#   Reduce memory load on the system
#   Increase physical memory or swap space
#   Check if swap backing store is full
#   Use 64 bit Java on a 64 bit OS
#   Decrease Java heap size (-Xmx/-Xms)
#   Decrease number of Java threads
#   Decrease Java thread stack sizes (-Xss)
#   Set larger code cache with -XX:ReservedCodeCacheSize=
# This output file may be truncated or incomplete.
#
#  Out of Memory Error (allocation.cpp:390), pid=9796, tid=0x0000000000002468
#
# JRE version: Java(TM) SE Runtime Environment (8.0_144-b01) (build 1.8.0_144-b01)
# Java VM: Java HotSpot(TM) 64-Bit Server VM (25.144-b01 mixed mode windows-amd64 compressed oops)
# Failed to write core dump. Minidumps are not enabled by default on client versions of Windows
#

---------------  T H R E A D  ---------------

Current thread (0x00000000170a3800):  JavaThread "C2 CompilerThread0" daemon [_thread_in_native, id=9320, stack(0x00000000180c0000,0x00000000181c0000)]

Stack: [0x00000000180c0000,0x00000000181c0000]
[error occurred during error reporting (printing stack bounds), id 0xc0000005]

Native frames: (J=compiled Java code, j=interpreted, Vv=VM code, C=native code)


Current CompileTask:
C2:  40661 3215       4       java.lang.ClassLoader::defineClass (43 bytes)


---------------  P R O C E S S  ---------------

Java Threads: ( => current thread )
  0x000000001c84e800 JavaThread "ForkJoinPool.commonPool-worker-1" daemon [_thread_blocked, id=9008, stack(0x000000001e320000,0x000000001e420000)]
  0x00000000196a7800 JavaThread "neo4j.PauseMonitor" daemon [_thread_blocked, id=5624, stack(0x000000001c540000,0x000000001c640000)]
  0x0000000019039800 JavaThread "neo4j.FileWatcher-1" daemon [_thread_blocked, id=10128, stack(0x000000001c440000,0x000000001c540000)]
  0x00000000170d6800 JavaThread "neo4j.Scheduled-2" daemon [_thread_blocked, id=1356, stack(0x000000001c340000,0x000000001c440000)]
  0x0000000018868800 JavaThread "neo4j.Pooled-1" daemon [_thread_blocked, id=10056, stack(0x000000001bc40000,0x000000001bd40000)]
  0x00000000191ef000 JavaThread "MuninnPageCache[1]-EvictionTask" daemon [_thread_blocked, id=7332, stack(0x000000001b940000,0x000000001ba40000)]
  0x00000000192a8000 JavaThread "neo4j.Scheduled-1" daemon [_thread_blocked, id=7992, stack(0x000000001b840000,0x000000001b940000)]
  0x0000000018889000 JavaThread "Neo4j UDC Timer" daemon [_thread_blocked, id=4684, stack(0x000000001b540000,0x000000001b640000)]
  0x0000000018dd5800 JavaThread "Thread-0" daemon [_thread_in_native, id=7832, stack(0x000000001ad00000,0x000000001ae00000)]
  0x000000001710c000 JavaThread "Service Thread" daemon [_thread_blocked, id=9180, stack(0x00000000182c0000,0x00000000183c0000)]
  0x00000000170a6000 JavaThread "C1 CompilerThread1" daemon [_thread_blocked, id=5696, stack(0x00000000181c0000,0x00000000182c0000)]
=>0x00000000170a3800 JavaThread "C2 CompilerThread0" daemon [_thread_in_native, id=9320, stack(0x00000000180c0000,0x00000000181c0000)]
  0x000000001709f800 JavaThread "Attach Listener" daemon [_thread_blocked, id=8096, stack(0x0000000017fc0000,0x00000000180c0000)]
  0x000000001709a800 JavaThread "Signal Dispatcher" daemon [_thread_blocked, id=380, stack(0x0000000017ec0000,0x0000000017fc0000)]
  0x000000000270d000 JavaThread "Finalizer" daemon [_thread_blocked, id=8856, stack(0x0000000017cd0000,0x0000000017dd0000)]
  0x0000000002703000 JavaThread "Reference Handler" daemon [_thread_blocked, id=2020, stack(0x0000000017bd0000,0x0000000017cd0000)]
  0x0000000002616000 JavaThread "main" [_thread_in_native, id=3232, stack(0x0000000002490000,0x0000000002590000)]

Other Threads:
  0x0000000017066000 VMThread [stack: 0x0000000017ad0000,0x0000000017bd0000] [id=9976]
  0x0000000017130800 WatcherThread [stack: 0x00000000183c0000,0x00000000184c0000] [id=6280]

VM state:not at safepoint (normal execution)

VM Mutex/Monitor currently owned by a thread: None

Heap:
 PSYoungGen      total 79360K, used 63767K [0x00000000d5800000, 0x00000000dcc00000, 0x0000000100000000)
  eden space 67072K, 95% used [0x00000000d5800000,0x00000000d9645e10,0x00000000d9980000)
  from space 12288K, 0% used [0x00000000d9980000,0x00000000d9980000,0x00000000da580000)
  to   space 14336K, 0% used [0x00000000dbe00000,0x00000000dbe00000,0x00000000dcc00000)
 ParOldGen       total 107520K, used 21237K [0x0000000080800000, 0x0000000087100000, 0x00000000d5800000)
  object space 107520K, 19% used [0x0000000080800000,0x0000000081cbd680,0x0000000087100000)
 Metaspace       used 41110K, capacity 42104K, committed 42536K, reserved 1085440K
  class space    used 7201K, capacity 7434K, committed 7472K, reserved 1048576K

Card table byte_map: [0x0000000011ad0000,0x0000000011ed0000] byte_map_base: 0x00000000116cc000

Marking Bits: (ParMarkBitMap*) 0x000000007783d850
 Begin Bits: [0x0000000012380000, 0x0000000014360000)
 End Bits:   [0x0000000014360000, 0x0000000016340000)

Polling page: 0x0000000000820000

CodeCache: size=245760Kb used=8537Kb max_used=8538Kb free=237222Kb
 bounds [0x0000000002710000, 0x0000000002f70000, 0x0000000011710000]
 total_blobs=3573 nmethods=2986 adapters=501
 compilation: enabled

Compilation events (10 events):
Event: 40.264 Thread 0x00000000170a6000 nmethod 3210 0x0000000002f6c090 code [0x0000000002f6c2a0, 0x0000000002f6cee8]
Event: 40.522 Thread 0x00000000170a6000 3211       1       scala.collection.mutable.OpenHashMap::scala$collection$mutable$OpenHashMap$$table (5 bytes)
Event: 40.522 Thread 0x00000000170a6000 nmethod 3211 0x0000000002f6b9d0 code [0x0000000002f6bb20, 0x0000000002f6bc30]
Event: 40.524 Thread 0x00000000170a6000 3212       1       scala.collection.mutable.OpenHashMap::scala$collection$mutable$OpenHashMap$$mask (5 bytes)
Event: 40.524 Thread 0x00000000170a6000 nmethod 3212 0x0000000002f6b710 code [0x0000000002f6b860, 0x0000000002f6b970]
Event: 40.524 Thread 0x00000000170a6000 3213       3       scala.collection.mutable.OpenHashMap$$anonfun$foreachUndeletedEntry$1::apply (12 bytes)
Event: 40.524 Thread 0x00000000170a6000 nmethod 3213 0x0000000002f6b210 code [0x0000000002f6b380, 0x0000000002f6b668]
Event: 40.524 Thread 0x00000000170a6000 3214       3       scala.collection.mutable.OpenHashMap$$anonfun$foreachUndeletedEntry$1::apply (39 bytes)
Event: 40.525 Thread 0x00000000170a6000 nmethod 3214 0x0000000002f6aad0 code [0x0000000002f6ac60, 0x0000000002f6b0b8]
Event: 40.550 Thread 0x00000000170a3800 3215       4       java.lang.ClassLoader::defineClass (43 bytes)

GC Heap History (10 events):
Event: 25.164 GC heap before
{Heap before GC invocations=7 (full 1):
 PSYoungGen      total 38400K, used 37057K [0x00000000d5800000, 0x00000000d9f80000, 0x0000000100000000)
  eden space 33280K, 100% used [0x00000000d5800000,0x00000000d7880000,0x00000000d7880000)
  from space 5120K, 73% used [0x00000000d7880000,0x00000000d7c30728,0x00000000d7d80000)
  to   space 12288K, 0% used [0x00000000d9380000,0x00000000d9380000,0x00000000d9f80000)
 ParOldGen       total 71168K, used 13686K [0x0000000080800000, 0x0000000084d80000, 0x00000000d5800000)
  object space 71168K, 19% used [0x0000000080800000,0x000000008155d8b8,0x0000000084d80000)
 Metaspace       used 28443K, capacity 29370K, committed 29744K, reserved 1073152K
  class space    used 4844K, capacity 5055K, committed 5168K, reserved 1048576K
Event: 25.176 GC heap after
Heap after GC invocations=7 (full 1):
 PSYoungGen      total 56832K, used 5352K [0x00000000d5800000, 0x00000000d9d00000, 0x0000000100000000)
  eden space 47104K, 0% used [0x00000000d5800000,0x00000000d5800000,0x00000000d8600000)
  from space 9728K, 55% used [0x00000000d9380000,0x00000000d98ba180,0x00000000d9d00000)
  to   space 11776K, 0% used [0x00000000d8600000,0x00000000d8600000,0x00000000d9180000)
 ParOldGen       total 71168K, used 13686K [0x0000000080800000, 0x0000000084d80000, 0x00000000d5800000)
  object space 71168K, 19% used [0x0000000080800000,0x000000008155d8b8,0x0000000084d80000)
 Metaspace       used 28443K, capacity 29370K, committed 29744K, reserved 1073152K
  class space    used 4844K, capacity 5055K, committed 5168K, reserved 1048576K
}
Event: 27.424 GC heap before
{Heap before GC invocations=8 (full 1):
 PSYoungGen      total 56832K, used 52456K [0x00000000d5800000, 0x00000000d9d00000, 0x0000000100000000)
  eden space 47104K, 100% used [0x00000000d5800000,0x00000000d8600000,0x00000000d8600000)
  from space 9728K, 55% used [0x00000000d9380000,0x00000000d98ba180,0x00000000d9d00000)
  to   space 11776K, 0% used [0x00000000d8600000,0x00000000d8600000,0x00000000d9180000)
 ParOldGen       total 71168K, used 13686K [0x0000000080800000, 0x0000000084d80000, 0x00000000d5800000)
  object space 71168K, 19% used [0x0000000080800000,0x000000008155d8b8,0x0000000084d80000)
 Metaspace       used 29774K, capacity 30746K, committed 31152K, reserved 1075200K
  class space    used 5243K, capacity 5471K, committed 5552K, reserved 1048576K
Event: 27.448 GC heap after
Heap after GC invocations=8 (full 1):
 PSYoungGen      total 58880K, used 4731K [0x00000000d5800000, 0x00000000db100000, 0x0000000100000000)
  eden space 47104K, 0% used [0x00000000d5800000,0x00000000d5800000,0x00000000d8600000)
  from space 11776K, 40% used [0x00000000d8600000,0x00000000d8a9ecf8,0x00000000d9180000)
  to   space 11776K, 0% used [0x00000000da580000,0x00000000da580000,0x00000000db100000)
 ParOldGen       total 71168K, used 13686K [0x0000000080800000, 0x0000000084d80000, 0x00000000d5800000)
  object space 71168K, 19% used [0x0000000080800000,0x000000008155d8b8,0x0000000084d80000)
 Metaspace       used 29774K, capacity 30746K, committed 31152K, reserved 1075200K
  class space    used 5243K, capacity 5471K, committed 5552K, reserved 1048576K
}
Event: 29.674 GC heap before
{Heap before GC invocations=9 (full 1):
 PSYoungGen      total 58880K, used 51835K [0x00000000d5800000, 0x00000000db100000, 0x0000000100000000)
  eden space 47104K, 100% used [0x00000000d5800000,0x00000000d8600000,0x00000000d8600000)
  from space 11776K, 40% used [0x00000000d8600000,0x00000000d8a9ecf8,0x00000000d9180000)
  to   space 11776K, 0% used [0x00000000da580000,0x00000000da580000,0x00000000db100000)
 ParOldGen       total 71168K, used 13686K [0x0000000080800000, 0x0000000084d80000, 0x00000000d5800000)
  object space 71168K, 19% used [0x0000000080800000,0x000000008155d8b8,0x0000000084d80000)
 Metaspace       used 30835K, capacity 31834K, committed 32048K, reserved 1075200K
  class space    used 5431K, capacity 5663K, committed 5680K, reserved 1048576K
Event: 29.730 GC heap after
Heap after GC invocations=9 (full 1):
 PSYoungGen      total 78848K, used 9796K [0x00000000d5800000, 0x00000000db700000, 0x0000000100000000)
  eden space 67072K, 0% used [0x00000000d5800000,0x00000000d5800000,0x00000000d9980000)
  from space 11776K, 83% used [0x00000000da580000,0x00000000daf110a8,0x00000000db100000)
  to   space 12288K, 0% used [0x00000000d9980000,0x00000000d9980000,0x00000000da580000)
 ParOldGen       total 71168K, used 13694K [0x0000000080800000, 0x0000000084d80000, 0x00000000d5800000)
  object space 71168K, 19% used [0x0000000080800000,0x000000008155f8b8,0x0000000084d80000)
 Metaspace       used 30835K, capacity 31834K, committed 32048K, reserved 1075200K
  class space    used 5431K, capacity 5663K, committed 5680K, reserved 1048576K
}
Event: 33.705 GC heap before
{Heap before GC invocations=10 (full 1):
 PSYoungGen      total 78848K, used 47247K [0x00000000d5800000, 0x00000000db700000, 0x0000000100000000)
  eden space 67072K, 55% used [0x00000000d5800000,0x00000000d7c92c60,0x00000000d9980000)
  from space 11776K, 83% used [0x00000000da580000,0x00000000daf110a8,0x00000000db100000)
  to   space 12288K, 0% used [0x00000000d9980000,0x00000000d9980000,0x00000000da580000)
 ParOldGen       total 71168K, used 13694K [0x0000000080800000, 0x0000000084d80000, 0x00000000d5800000)
  object space 71168K, 19% used [0x0000000080800000,0x000000008155f8b8,0x0000000084d80000)
 Metaspace       used 34408K, capacity 35320K, committed 35496K, reserved 1079296K
  class space    used 6096K, capacity 6308K, committed 6320K, reserved 1048576K
Event: 33.768 GC heap after
Heap after GC invocations=10 (full 1):
 PSYoungGen      total 79360K, used 12286K [0x00000000d5800000, 0x00000000dcc00000, 0x0000000100000000)
  eden space 67072K, 0% used [0x00000000d5800000,0x00000000d5800000,0x00000000d9980000)
  from space 12288K, 99% used [0x00000000d9980000,0x00000000da57fb00,0x00000000da580000)
  to   space 14336K, 0% used [0x00000000dbe00000,0x00000000dbe00000,0x00000000dcc00000)
 ParOldGen       total 71168K, used 14356K [0x0000000080800000, 0x0000000084d80000, 0x00000000d5800000)
  object space 71168K, 20% used [0x0000000080800000,0x00000000816050d0,0x0000000084d80000)
 Metaspace       used 34408K, capacity 35320K, committed 35496K, reserved 1079296K
  class space    used 6096K, capacity 6308K, committed 6320K, reserved 1048576K
}
Event: 33.768 GC heap before
{Heap before GC invocations=11 (full 2):
 PSYoungGen      total 79360K, used 12286K [0x00000000d5800000, 0x00000000dcc00000, 0x0000000100000000)
  eden space 67072K, 0% used [0x00000000d5800000,0x00000000d5800000,0x00000000d9980000)
  from space 12288K, 99% used [0x00000000d9980000,0x00000000da57fb00,0x00000000da580000)
  to   space 14336K, 0% used [0x00000000dbe00000,0x00000000dbe00000,0x00000000dcc00000)
 ParOldGen       total 71168K, used 14356K [0x0000000080800000, 0x0000000084d80000, 0x00000000d5800000)
  object space 71168K, 20% used [0x0000000080800000,0x00000000816050d0,0x0000000084d80000)
 Metaspace       used 34408K, capacity 35320K, committed 35496K, reserved 1079296K
  class space    used 6096K, capacity 6308K, committed 6320K, reserved 1048576K
Event: 34.133 GC heap after
Heap after GC invocations=11 (full 2):
 PSYoungGen      total 79360K, used 0K [0x00000000d5800000, 0x00000000dcc00000, 0x0000000100000000)
  eden space 67072K, 0% used [0x00000000d5800000,0x00000000d5800000,0x00000000d9980000)
  from space 12288K, 0% used [0x00000000d9980000,0x00000000d9980000,0x00000000da580000)
  to   space 14336K, 0% used [0x00000000dbe00000,0x00000000dbe00000,0x00000000dcc00000)
 ParOldGen       total 107520K, used 21237K [0x0000000080800000, 0x0000000087100000, 0x00000000d5800000)
  object space 107520K, 19% used [0x0000000080800000,0x0000000081cbd680,0x0000000087100000)
 Metaspace       used 34408K, capacity 35320K, committed 35496K, reserved 1079296K
  class space    used 6096K, capacity 6308K, committed 6320K, reserved 1048576K
}

Deoptimization events (10 events):
Event: 29.982 Thread 0x0000000002616000 Uncommon trap: reason=class_check action=maybe_recompile pc=0x0000000002f2016c method=scala.collection.mutable.ArrayBuilder$ofRef.mkArray(I)[Ljava/lang/Object; @ 5
Event: 30.012 Thread 0x0000000002616000 Uncommon trap: reason=class_check action=maybe_recompile pc=0x0000000002f0e928 method=scala.collection.mutable.ArrayBuilder$ofRef.mkArray(I)[Ljava/lang/Object; @ 5
Event: 30.039 Thread 0x0000000002616000 Uncommon trap: reason=bimorphic action=maybe_recompile pc=0x0000000002f13bb4 method=scala.collection.TraversableLike$$anonfun$map$1.apply(Ljava/lang/Object;)Lscala/collection/mutable/Builder; @ 14
Event: 30.124 Thread 0x0000000002616000 Uncommon trap: reason=bimorphic action=maybe_recompile pc=0x0000000002f13bb4 method=scala.collection.TraversableLike$$anonfun$map$1.apply(Ljava/lang/Object;)Lscala/collection/mutable/Builder; @ 14
Event: 30.410 Thread 0x0000000002616000 Uncommon trap: reason=bimorphic action=maybe_recompile pc=0x0000000002f13bb4 method=scala.collection.TraversableLike$$anonfun$map$1.apply(Ljava/lang/Object;)Lscala/collection/mutable/Builder; @ 14
Event: 30.416 Thread 0x0000000002616000 Uncommon trap: reason=bimorphic action=maybe_recompile pc=0x0000000002f13bb4 method=scala.collection.TraversableLike$$anonfun$map$1.apply(Ljava/lang/Object;)Lscala/collection/mutable/Builder; @ 14
Event: 30.627 Thread 0x0000000002616000 Uncommon trap: reason=class_check action=maybe_recompile pc=0x0000000002f3fc38 method=scala.collection.mutable.HashTable$class.elemEquals(Lscala/collection/mutable/HashTable;Ljava/lang/Object;Ljava/lang/Object;)Z @ 55
Event: 30.675 Thread 0x0000000002616000 Uncommon trap: reason=class_check action=maybe_recompile pc=0x0000000002f3fc38 method=scala.collection.mutable.HashTable$class.elemEquals(Lscala/collection/mutable/HashTable;Ljava/lang/Object;Ljava/lang/Object;)Z @ 55
Event: 32.755 Thread 0x0000000002616000 Uncommon trap: reason=class_check action=maybe_recompile pc=0x0000000002f3fc38 method=scala.collection.mutable.HashTable$class.elemEquals(Lscala/collection/mutable/HashTable;Ljava/lang/Object;Ljava/lang/Object;)Z @ 55
Event: 32.757 Thread 0x0000000002616000 Uncommon trap: reason=class_check action=maybe_recompile pc=0x0000000002f3fc38 method=scala.collection.mutable.HashTable$class.elemEquals(Lscala/collection/mutable/HashTable;Ljava/lang/Object;Ljava/lang/Object;)Z @ 55

Internal exceptions (10 events):
Event: 13.009 Thread 0x0000000002616000 Exception <a 'java/lang/IllegalArgumentException': object is not an instance of declaring class> (0x00000000d73701d8) thrown at [C:\re\workspace\8-2-build-windows-amd64-cygwin\jdk8u144\9417\hotspot\src\share\vm\runtime\reflection.cpp, line 926]
Event: 13.009 Thread 0x0000000002616000 Exception <a 'java/lang/IllegalArgumentException': object is not an instance of declaring class> (0x00000000d7370508) thrown at [C:\re\workspace\8-2-build-windows-amd64-cygwin\jdk8u144\9417\hotspot\src\share\vm\runtime\reflection.cpp, line 926]
Event: 15.791 Thread 0x0000000002616000 Exception <a 'java/lang/NoSuchMethodError': java.lang.Object.lambda$comparingLong$6043328a$1(Ljava/util/function/ToLongFunction;Ljava/lang/Object;Ljava/lang/Object;)I> (0x00000000d6664c10) thrown at [C:\re\workspace\8-2-build-windows-amd64-cygwin\jdk8u144
Event: 17.008 Thread 0x0000000002616000 Exception <a 'java/lang/NoSuchMethodError': java.lang.Object.lambda$comparingInt$7b0bb60$1(Ljava/util/function/ToIntFunction;Ljava/lang/Object;Ljava/lang/Object;)I> (0x00000000d73fdfa8) thrown at [C:\re\workspace\8-2-build-windows-amd64-cygwin\jdk8u144\94
Event: 19.108 Thread 0x0000000002616000 Exception <a 'java/lang/NoSuchMethodError': java.lang.Object.lambda$static$0()J> (0x00000000d5f50aa8) thrown at [C:\re\workspace\8-2-build-windows-amd64-cygwin\jdk8u144\9417\hotspot\src\share\vm\interpreter\linkResolver.cpp, line 582]
Event: 21.415 Thread 0x0000000002616000 Exception <a 'java/lang/NoSuchMethodError': java.lang.Object.lambda$static$0()V> (0x00000000d58b8140) thrown at [C:\re\workspace\8-2-build-windows-amd64-cygwin\jdk8u144\9417\hotspot\src\share\vm\interpreter\linkResolver.cpp, line 582]
Event: 21.423 Thread 0x0000000002616000 Exception <a 'java/lang/NoSuchMethodError': java.lang.Object.lambda$static$0()V> (0x00000000d58cf438) thrown at [C:\re\workspace\8-2-build-windows-amd64-cygwin\jdk8u144\9417\hotspot\src\share\vm\interpreter\linkResolver.cpp, line 582]
Event: 21.425 Thread 0x0000000002616000 Exception <a 'java/lang/NoSuchMethodError': java.lang.Object.lambda$static$0()V> (0x00000000d58d57c0) thrown at [C:\re\workspace\8-2-build-windows-amd64-cygwin\jdk8u144\9417\hotspot\src\share\vm\interpreter\linkResolver.cpp, line 582]
Event: 21.429 Thread 0x0000000002616000 Exception <a 'java/lang/NoSuchMethodError': java.lang.Object.lambda$static$0()V> (0x00000000d58dbf48) thrown at [C:\re\workspace\8-2-build-windows-amd64-cygwin\jdk8u144\9417\hotspot\src\share\vm\interpreter\linkResolver.cpp, line 582]
Event: 28.438 Thread 0x0000000002616000 Implicit null exception at 0x0000000002f33d6f to 0x0000000002f33f49

Events (10 events):
Event: 40.518 loading class org/neo4j/cypher/internal/spi/v3_3/TransactionBoundQueryContext$$anonfun$asObject$1
Event: 40.518 loading class org/neo4j/cypher/internal/spi/v3_3/TransactionBoundQueryContext$$anonfun$asObject$1 done
Event: 40.526 loading class org/neo4j/cypher/internal/compatibility/v3_3/runtime/ClosingIterator$$anonfu$$$$531b9f76389919b9b5433a2c5b7e9$$$$losingIterator$$close$1
Event: 40.526 loading class org/neo4j/cypher/internal/compatibility/v3_3/runtime/ClosingIterator$$anonfu$$$$531b9f76389919b9b5433a2c5b7e9$$$$losingIterator$$close$1 done
Event: 40.527 loading class org/neo4j/cypher/internal/compatibility/v3_3/runtime/TaskCloser$$anonfun$1
Event: 40.527 loading class org/neo4j/cypher/internal/compatibility/v3_3/runtime/TaskCloser$$anonfun$1 done
Event: 40.528 loading class org/neo4j/cypher/internal/compatibility/v3_3/ExceptionTranslatingQueryContext$ExceptionTranslatingTransactionalContext$$anonfun$close$1
Event: 40.528 loading class org/neo4j/cypher/internal/compatibility/v3_3/ExceptionTranslatingQueryContext$ExceptionTranslatingTransactionalContext$$anonfun$close$1 done
Event: 40.530 loading class org/neo4j/cypher/internal/compatibility/v3_3/runtime/TaskCloser$$anonfun$close$1
Event: 40.530 loading class org/neo4j/cypher/internal/compatibility/v3_3/runtime/TaskCloser$$anonfun$close$1 done


Dynamic libraries:
0x00007ff7dfac0000 - 0x00007ff7dfaf7000 	C:\Program Files\Java\jdk1.8.0_144\bin\java.exe
0x00007ffa92db0000 - 0x00007ffa92f82000 	C:\WINDOWS\SYSTEM32\ntdll.dll
0x00007ffa92190000 - 0x00007ffa9223c000 	C:\WINDOWS\System32\KERNEL32.DLL
0x00007ffa90100000 - 0x00007ffa9031d000 	C:\WINDOWS\System32\KERNELBASE.dll
0x00007ffa90320000 - 0x00007ffa903c2000 	C:\WINDOWS\System32\ADVAPI32.dll
0x00007ffa90700000 - 0x00007ffa9079e000 	C:\WINDOWS\System32\msvcrt.dll
0x00007ffa92130000 - 0x00007ffa92189000 	C:\WINDOWS\System32\sechost.dll
0x00007ffa92280000 - 0x00007ffa923a1000 	C:\WINDOWS\System32\RPCRT4.dll
0x00007ffa92bb0000 - 0x00007ffa92d15000 	C:\WINDOWS\System32\USER32.dll
0x00007ffa90040000 - 0x00007ffa9005e000 	C:\WINDOWS\System32\win32u.dll
0x00007ffa92240000 - 0x00007ffa92274000 	C:\WINDOWS\System32\GDI32.dll
0x00007ffa8fec0000 - 0x00007ffa90040000 	C:\WINDOWS\System32\gdi32full.dll
0x00007ffa86200000 - 0x00007ffa8647a000 	C:\WINDOWS\WinSxS\amd64_microsoft.windows.common-controls_6595b64144ccf1df_6.0.14393.953_none_42151e83c686086b\COMCTL32.dll
0x00007ffa923b0000 - 0x00007ffa92678000 	C:\WINDOWS\System32\combase.dll
0x00007ffa8f290000 - 0x00007ffa8f385000 	C:\WINDOWS\System32\ucrtbase.dll
0x00007ffa8f560000 - 0x00007ffa8f5ca000 	C:\WINDOWS\System32\bcryptPrimitives.dll
0x00007ffa92d80000 - 0x00007ffa92dae000 	C:\WINDOWS\System32\IMM32.DLL
0x0000000076f40000 - 0x0000000077012000 	C:\Program Files\Java\jdk1.8.0_144\jre\bin\msvcr100.dll
0x0000000077020000 - 0x00000000778bd000 	C:\Program Files\Java\jdk1.8.0_144\jre\bin\server\jvm.dll
0x00007ffa903d0000 - 0x00007ffa903d8000 	C:\WINDOWS\System32\PSAPI.DLL
0x00007ffa83000000 - 0x00007ffa83009000 	C:\WINDOWS\SYSTEM32\WSOCK32.dll
0x00007ffa8d810000 - 0x00007ffa8d833000 	C:\WINDOWS\SYSTEM32\WINMM.dll
0x00007ffa90670000 - 0x00007ffa906da000 	C:\WINDOWS\System32\WS2_32.dll
0x00007ffa8b290000 - 0x00007ffa8b29a000 	C:\WINDOWS\SYSTEM32\VERSION.dll
0x00007ffa8d7b0000 - 0x00007ffa8d7db000 	C:\WINDOWS\SYSTEM32\WINMMBASE.dll
0x00007ffa8f5d0000 - 0x00007ffa8f612000 	C:\WINDOWS\System32\cfgmgr32.dll
0x0000000050000000 - 0x000000005000f000 	C:\Program Files\Java\jdk1.8.0_144\jre\bin\verify.dll
0x0000000077b60000 - 0x0000000077b89000 	C:\Program Files\Java\jdk1.8.0_144\jre\bin\java.dll
0x0000000077b40000 - 0x0000000077b56000 	C:\Program Files\Java\jdk1.8.0_144\jre\bin\zip.dll
0x00007ffa907a0000 - 0x00007ffa91ca8000 	C:\WINDOWS\System32\SHELL32.dll
0x00007ffa8f7e0000 - 0x00007ffa8feb8000 	C:\WINDOWS\System32\windows.storage.dll
0x00007ffa8f240000 - 0x00007ffa8f28c000 	C:\WINDOWS\System32\powrprof.dll
0x00007ffa92d20000 - 0x00007ffa92d72000 	C:\WINDOWS\System32\shlwapi.dll
0x00007ffa8f230000 - 0x00007ffa8f23f000 	C:\WINDOWS\System32\kernel.appcore.dll
0x00007ffa8f620000 - 0x00007ffa8f6c9000 	C:\WINDOWS\System32\shcore.dll
0x00007ffa8f200000 - 0x00007ffa8f214000 	C:\WINDOWS\System32\profapi.dll
0x0000000077cb0000 - 0x0000000077cbd000 	C:\Program Files\Java\jdk1.8.0_144\jre\bin\management.dll
0x0000000077b20000 - 0x0000000077b3a000 	C:\Program Files\Java\jdk1.8.0_144\jre\bin\net.dll
0x00007ffa8ead0000 - 0x00007ffa8eb2c000 	C:\WINDOWS\system32\mswsock.dll
0x0000000077b00000 - 0x0000000077b11000 	C:\Program Files\Java\jdk1.8.0_144\jre\bin\nio.dll
0x0000000076cd0000 - 0x0000000076cf4000 	C:\Program Files\Java\jdk1.8.0_144\jre\bin\sunec.dll
0x0000000076cc0000 - 0x0000000076ccb000 	C:\Program Files\Java\jdk1.8.0_144\jre\bin\sunmscapi.dll
0x00007ffa8f390000 - 0x00007ffa8f559000 	C:\WINDOWS\System32\CRYPT32.dll
0x00007ffa8f220000 - 0x00007ffa8f230000 	C:\WINDOWS\System32\MSASN1.dll
0x00007ffa89880000 - 0x00007ffa89898000 	C:\WINDOWS\system32\NLAapi.dll
0x00007ffa80370000 - 0x00007ffa80386000 	C:\WINDOWS\system32\napinsp.dll
0x00007ffa80300000 - 0x00007ffa8031a000 	C:\WINDOWS\system32\pnrpnsp.dll
0x00007ffa8e890000 - 0x00007ffa8e931000 	C:\WINDOWS\SYSTEM32\DNSAPI.dll
0x00007ffa903e0000 - 0x00007ffa903e8000 	C:\WINDOWS\System32\NSI.dll
0x00007ffa8e850000 - 0x00007ffa8e888000 	C:\WINDOWS\SYSTEM32\IPHLPAPI.DLL
0x00007ffa80aa0000 - 0x00007ffa80aae000 	C:\WINDOWS\System32\winrnr.dll
0x00007ffa823b0000 - 0x00007ffa823ba000 	C:\Windows\System32\rasadhlp.dll
0x00007ffa884b0000 - 0x00007ffa8851a000 	C:\WINDOWS\System32\fwpuclnt.dll
0x00007ffa8f140000 - 0x00007ffa8f16b000 	C:\WINDOWS\SYSTEM32\bcrypt.dll
0x00007ffa89140000 - 0x00007ffa89156000 	C:\WINDOWS\SYSTEM32\dhcpcsvc6.DLL
0x00007ffa89120000 - 0x00007ffa8913a000 	C:\WINDOWS\SYSTEM32\dhcpcsvc.DLL
0x00007ffa8ec70000 - 0x00007ffa8ec87000 	C:\WINDOWS\SYSTEM32\CRYPTSP.dll
0x00007ffa8e6d0000 - 0x00007ffa8e703000 	C:\WINDOWS\system32\rsaenh.dll
0x00007ffa8e960000 - 0x00007ffa8e97f000 	C:\WINDOWS\SYSTEM32\USERENV.dll
0x00007ffa8ec90000 - 0x00007ffa8ec9b000 	C:\WINDOWS\SYSTEM32\CRYPTBASE.dll

VM Arguments:
jvm_args: -Dfile.encoding=windows-1251 -Duser.country=US -Duser.language=en -Duser.variant 
java_command: org.jacoco.examples.java.gradle.Main
java_class_path (initial): C:\my documents\NetBeansProjects\Neo4j_Java_SocialNetwork\build\classes\main;C:\my documents\NetBeansProjects\Neo4j_Java_SocialNetwork\build\resources\main;C:\Users\Никита\.gradle\caches\modules-2\files-2.1\com.fasterxml.jackson.core\jackson-core\2.4.1\b130bcfb5a9c410c3cbd2e0adec9437e69a39e2c\jackson-core-2.4.1.jar;C:\Users\Никита\.gradle\caches\modules-2\files-2.1\com.fasterxml.jackson.core\jackson-annotations\2.4.1\55605135bd7b836612e0bba7037c9669f6ccf89f\jackson-annotations-2.4.1.jar;C:\Users\Никита\.gradle\caches\modules-2\files-2.1\com.fasterxml.jackson.core\jackson-databind\2.4.1\f07c773f7b3a03c3801d405cadbdc93f7548e321\jackson-databind-2.4.1.jar;C:\Users\Никита\.gradle\caches\modules-2\files-2.1\org.json\json\20160810\aca5eb39e2a12fddd6c472b240afe9ebea3a6733\json-20160810.jar;C:\Users\Никита\.gradle\caches\modules-2\files-2.1\org.neo4j\neo4j\3.3.1\1cc47e5dda2a21818934a587fa37eadcbe6f9d53\neo4j-3.3.1.jar;C:\Users\Никита\.gradle\caches\modules-2\files-2.1\org.projectlombok\lombok\1.16.18\557d13dcb647038dc687390711ccb5c9b3ffbd60\lombok-1.16.18.jar;C:\Users\Никита\.gradle\caches\modules-2\files-2.1\org.slf4j\slf4j-nop\1.7.13\e94a615af59d53c573c3a19309daa4bda313e35a\slf4j-nop-1.7.13.jar;C:\Users\Никита\.gradle\caches\modules-2\files-2.1\org.neo4j\neo4j-kernel\3.3.1\934d9f7609b1c71d8759bc114ee30f124b80a8a5\neo4j-kernel-3.3.1.jar;C:\Users\Никита\.gradle\caches\modules-2\files-2.1\org.neo4j\neo4j-lucene-index\3.3.1\5557c77e9655760bb53f60c1612c7b545bf404ea\neo4j-lucene-index-3.3.1.jar;C:\Users\Никита\.gradle\caches\modules-2\files-2.1\org.neo4j\neo4j-graph-algo\3.3.1\3db50188e55cfe0d177987b668f5954b17cd9f55\neo4j-graph-algo-3.3.1.jar;C:\Users\Никита\.gradle\caches\modules-2\files-2.1\org.neo4j\neo4j-udc\3.3.1\787da124401f6aae955e54111f5f45bfa83d0247\neo4j-udc-3.3.1.jar;C:\Users\Никита\.gradle\caches\modules-2\files-2.1\org.neo4j\neo4j-cypher\3.3.1\1df0eda79ccfa36badf3bd9023d74753d600b271\neo4j-cypher-3.3.1.jar;C:\Users\Никита\.gradle\cache
Launcher Type: SUN_STANDARD

Environment Variables:
JAVA_HOME=C:\Program Files\Java\jdk1.8.0_144
JRE_HOME=C:\Program Files\Java\jre1.8.0_144
CLASSPATH=C:\jackson\jackson-all-1.9.0.jar
PATH=C:\ProgramData\Oracle\Java\javapath;C:\Program Files (x86)\NVIDIA Corporation\PhysX\Common;C:\WINDOWS\system32;C:\WINDOWS;C:\WINDOWS\System32\Wbem;C:\WINDOWS\System32\WindowsPowerShell\v1.0\;C:\Program Files (x86)\Toshiba\Bluetooth Toshiba Stack\sys\;C:\Program Files (x86)\Toshiba\Bluetooth Toshiba Stack\sys\x64\;C:\Program Files (x86)\Microsoft SQL Server\100\Tools\Binn\;C:\Program Files (x86)\Microsoft SQL Server\100\DTS\Binn\;C:\Program Files\Common Files\Autodesk Shared\;C:\Program Files (x86)\QuickTime\QTSystem\;C:\WINDOWS\system32\config\systemprofile\.dnx\bin;C:\Program Files\Microsoft DNX\Dnvm\;C:\Program Files\Microsoft SQL Server\Client SDK\ODBC\110\Tools\Binn\;C:\Program Files (x86)\Microsoft SQL Server\120\Tools\Binn\ManagementStudio\;C:\Program Files (x86)\Microsoft SQL Server\120\Tools\Binn\;C:\Program Files\Microsoft SQL Server\120\Tools\Binn\;C:\Program Files (x86)\Microsoft SQL Server\120\DTS\Binn\;C:\Program Files\Microsoft SQL Server\120\DTS\Binn\;C:\Program Files (x86)\Skype\Phone\;C:\Program Files\Java\jdk1.8.0_144bin;%JMETER_HOME%bin;C:\Program Files (x86)\Brackets\command;C:\Users\Никита\AppData\Local\Programs\Python\Python35-32\;C:\Users\Никита\AppData\Local\Programs\Python\Python35-32\Scripts;C:\Gradle\bin;C:\Program Files\Git\cmd;D:\eclipse\jboss-4.2.1.GA\bin;C:\Users\Никита\AppData\Local\Programs\Python\Python35-32\Scripts\;C:\Users\Никита\AppData\Local\Programs\Python\Python35-32\;C:\Users\Никита\AppData\Local\Microsoft\WindowsApps;C:\Program Files\Java\jdk1.8.0_144\bin;C:\Gradle\bin
USERNAME=Никита
OS=Windows_NT
PROCESSOR_IDENTIFIER=Intel64 Family 6 Model 23 Stepping 10, GenuineIntel



---------------  S Y S T E M  ---------------

OS: Windows 10.0 , 64 bit Build 14393 (10.0.14393.1198)

CPU:total 2 (initial active 2) (2 cores per cpu, 1 threads per core) family 6 model 23 stepping 10, cmov, cx8, fxsr, mmx, sse, sse2, sse3, ssse3, sse4.1, tsc

Memory: 4k page, physical 8352628k(1778116k free), swap 8352628k(5004k free)

vm_info: Java HotSpot(TM) 64-Bit Server VM (25.144-b01) for windows-amd64 JRE (1.8.0_144-b01), built on Jul 21 2017 21:57:33 by "java_re" with MS VC++ 10.0 (VS2010)

time: Sun Dec 03 19:34:27 2017
elapsed time: 40 seconds (0d 0h 0m 40s)

