#
# There is insufficient memory for the Java Runtime Environment to continue.
# Native memory allocation (malloc) failed to allocate 1303216 bytes for Chunk::new
# Possible reasons:
#   The system is out of physical RAM or swap space
#   In 32 bit mode, the process size limit was hit
# Possible solutions:
#   Reduce memory load on the system
#   Increase physical memory or swap space
#   Check if swap backing store is full
#   Use 64 bit Java on a 64 bit OS
#   Decrease Java heap size (-Xmx/-Xms)
#   Decrease number of Java threads
#   Decrease Java thread stack sizes (-Xss)
#   Set larger code cache with -XX:ReservedCodeCacheSize=
# This output file may be truncated or incomplete.
#
#  Out of Memory Error (allocation.cpp:390), pid=11108, tid=0x0000000000001dc4
#
# JRE version: Java(TM) SE Runtime Environment (8.0_144-b01) (build 1.8.0_144-b01)
# Java VM: Java HotSpot(TM) 64-Bit Server VM (25.144-b01 mixed mode windows-amd64 compressed oops)
# Failed to write core dump. Minidumps are not enabled by default on client versions of Windows
#

---------------  T H R E A D  ---------------

Current thread (0x0000000016e63800):  JavaThread "C2 CompilerThread0" daemon [_thread_in_native, id=7620, stack(0x0000000017e80000,0x0000000017f80000)]

Stack: [0x0000000017e80000,0x0000000017f80000]
[error occurred during error reporting (printing stack bounds), id 0xc0000005]

Native frames: (J=compiled Java code, j=interpreted, Vv=VM code, C=native code)


Current CompileTask:
C2:  27500 2118   !   4       java.net.URLClassLoader$1::run (63 bytes)


---------------  P R O C E S S  ---------------

Java Threads: ( => current thread )
  0x00000000192ec800 JavaThread "ForkJoinPool.commonPool-worker-1" daemon [_thread_blocked, id=7492, stack(0x000000001c400000,0x000000001c500000)]
  0x00000000193e0000 JavaThread "neo4j.PauseMonitor" daemon [_thread_blocked, id=4308, stack(0x000000001c100000,0x000000001c200000)]
  0x00000000193df800 JavaThread "neo4j.FileWatcher-1" daemon [_thread_blocked, id=7896, stack(0x000000001c000000,0x000000001c100000)]
  0x00000000192ff800 JavaThread "neo4j.Scheduled-2" daemon [_thread_blocked, id=6228, stack(0x000000001bb00000,0x000000001bc00000)]
  0x00000000193a2800 JavaThread "neo4j.Pooled-1" daemon [_thread_blocked, id=10296, stack(0x000000001ba00000,0x000000001bb00000)]
  0x0000000018a6d000 JavaThread "MuninnPageCache[1]-EvictionTask" daemon [_thread_blocked, id=6148, stack(0x000000001b700000,0x000000001b800000)]
  0x0000000018a58000 JavaThread "neo4j.Scheduled-1" daemon [_thread_blocked, id=4500, stack(0x000000001b600000,0x000000001b700000)]
  0x0000000019114800 JavaThread "Neo4j UDC Timer" daemon [_thread_blocked, id=6760, stack(0x000000001b300000,0x000000001b400000)]
  0x0000000018bc0800 JavaThread "Thread-0" daemon [_thread_in_native, id=8668, stack(0x000000001aac0000,0x000000001abc0000)]
  0x0000000016edb000 JavaThread "Service Thread" daemon [_thread_blocked, id=6968, stack(0x0000000018080000,0x0000000018180000)]
  0x0000000016e66000 JavaThread "C1 CompilerThread1" daemon [_thread_blocked, id=4024, stack(0x0000000017f80000,0x0000000018080000)]
=>0x0000000016e63800 JavaThread "C2 CompilerThread0" daemon [_thread_in_native, id=7620, stack(0x0000000017e80000,0x0000000017f80000)]
  0x0000000016e61000 JavaThread "Attach Listener" daemon [_thread_blocked, id=8280, stack(0x0000000017d80000,0x0000000017e80000)]
  0x0000000016e5b800 JavaThread "Signal Dispatcher" daemon [_thread_blocked, id=9392, stack(0x0000000017c80000,0x0000000017d80000)]
  0x0000000016e48800 JavaThread "Finalizer" daemon [_thread_blocked, id=9964, stack(0x0000000017a90000,0x0000000017b90000)]
  0x00000000024c3000 JavaThread "Reference Handler" daemon [_thread_blocked, id=10988, stack(0x0000000017990000,0x0000000017a90000)]
  0x00000000023d6800 JavaThread "main" [_thread_in_native, id=5256, stack(0x00000000022d0000,0x00000000023d0000)]

Other Threads:
  0x0000000016e26000 VMThread [stack: 0x0000000017890000,0x0000000017990000] [id=4284]
  0x0000000016ef8000 WatcherThread [stack: 0x0000000018580000,0x0000000018680000] [id=8124]

VM state:not at safepoint (normal execution)

VM Mutex/Monitor currently owned by a thread: None

Heap:
 PSYoungGen      total 38400K, used 18545K [0x00000000d5800000, 0x00000000d8280000, 0x0000000100000000)
  eden space 33280K, 44% used [0x00000000d5800000,0x00000000d667ba98,0x00000000d7880000)
  from space 5120K, 72% used [0x00000000d7880000,0x00000000d7c20b20,0x00000000d7d80000)
  to   space 5120K, 0% used [0x00000000d7d80000,0x00000000d7d80000,0x00000000d8280000)
 ParOldGen       total 64512K, used 10035K [0x0000000080800000, 0x0000000084700000, 0x00000000d5800000)
  object space 64512K, 15% used [0x0000000080800000,0x00000000811ccde8,0x0000000084700000)
 Metaspace       used 25978K, capacity 26848K, committed 27008K, reserved 1071104K
  class space    used 4487K, capacity 4688K, committed 4736K, reserved 1048576K

Card table byte_map: [0x0000000011890000,0x0000000011c90000] byte_map_base: 0x000000001148c000

Marking Bits: (ParMarkBitMap*) 0x000000007783d850
 Begin Bits: [0x0000000012140000, 0x0000000014120000)
 End Bits:   [0x0000000014120000, 0x0000000016100000)

Polling page: 0x00000000021e0000

CodeCache: size=245760Kb used=6869Kb max_used=6869Kb free=238890Kb
 bounds [0x00000000024d0000, 0x0000000002b90000, 0x00000000114d0000]
 total_blobs=2654 nmethods=2111 adapters=457
 compilation: enabled

Compilation events (10 events):
Event: 26.258 Thread 0x0000000016e66000 nmethod 2113 0x0000000002b83bd0 code [0x0000000002b83d20, 0x0000000002b83e30]
Event: 26.326 Thread 0x0000000016e63800 2114       4       java.security.CodeSource::getCertificates (98 bytes)
Event: 26.340 Thread 0x0000000016e63800 nmethod 2114 0x0000000002b86f10 code [0x0000000002b870a0, 0x0000000002b87518]
Event: 26.414 Thread 0x0000000016e63800 2115  s!   4       java.net.URLStreamHandler::getHostAddress (54 bytes)
Event: 26.418 Thread 0x0000000016e63800 nmethod 2115 0x0000000002b87850 code [0x0000000002b879a0, 0x0000000002b87c78]
Event: 26.472 Thread 0x0000000016e66000 2116   !   3       java.util.concurrent.ConcurrentHashMap::replaceNode (416 bytes)
Event: 26.477 Thread 0x0000000016e66000 nmethod 2116 0x0000000002b84010 code [0x0000000002b84300, 0x0000000002b85ea8]
Event: 26.477 Thread 0x0000000016e66000 2117       1       java.lang.invoke.MethodHandleImpl$IntrinsicMethodHandle::getTarget (5 bytes)
Event: 26.477 Thread 0x0000000016e66000 nmethod 2117 0x0000000002b87dd0 code [0x0000000002b87f20, 0x0000000002b88030]
Event: 26.590 Thread 0x0000000016e63800 2118   !   4       java.net.URLClassLoader$1::run (63 bytes)

GC Heap History (10 events):
Event: 17.480 GC heap before
{Heap before GC invocations=2 (full 0):
 PSYoungGen      total 38400K, used 38374K [0x00000000d5800000, 0x00000000d8280000, 0x0000000100000000)
  eden space 33280K, 100% used [0x00000000d5800000,0x00000000d7880000,0x00000000d7880000)
  from space 5120K, 99% used [0x00000000d7880000,0x00000000d7d79a00,0x00000000d7d80000)
  to   space 5120K, 0% used [0x00000000d7d80000,0x00000000d7d80000,0x00000000d8280000)
 ParOldGen       total 87552K, used 2286K [0x0000000080800000, 0x0000000085d80000, 0x00000000d5800000)
  object space 87552K, 2% used [0x0000000080800000,0x0000000080a3bb90,0x0000000085d80000)
 Metaspace       used 14245K, capacity 14880K, committed 15104K, reserved 1062912K
  class space    used 1880K, capacity 2040K, committed 2048K, reserved 1048576K
Event: 17.507 GC heap after
Heap after GC invocations=2 (full 0):
 PSYoungGen      total 38400K, used 5114K [0x00000000d5800000, 0x00000000d8280000, 0x0000000100000000)
  eden space 33280K, 0% used [0x00000000d5800000,0x00000000d5800000,0x00000000d7880000)
  from space 5120K, 99% used [0x00000000d7d80000,0x00000000d827e8c8,0x00000000d8280000)
  to   space 5120K, 0% used [0x00000000d7880000,0x00000000d7880000,0x00000000d7d80000)
 ParOldGen       total 87552K, used 5585K [0x0000000080800000, 0x0000000085d80000, 0x00000000d5800000)
  object space 87552K, 6% used [0x0000000080800000,0x0000000080d74528,0x0000000085d80000)
 Metaspace       used 14245K, capacity 14880K, committed 15104K, reserved 1062912K
  class space    used 1880K, capacity 2040K, committed 2048K, reserved 1048576K
}
Event: 22.168 GC heap before
{Heap before GC invocations=3 (full 0):
 PSYoungGen      total 38400K, used 38394K [0x00000000d5800000, 0x00000000d8280000, 0x0000000100000000)
  eden space 33280K, 100% used [0x00000000d5800000,0x00000000d7880000,0x00000000d7880000)
  from space 5120K, 99% used [0x00000000d7d80000,0x00000000d827e8c8,0x00000000d8280000)
  to   space 5120K, 0% used [0x00000000d7880000,0x00000000d7880000,0x00000000d7d80000)
 ParOldGen       total 87552K, used 5585K [0x0000000080800000, 0x0000000085d80000, 0x00000000d5800000)
  object space 87552K, 6% used [0x0000000080800000,0x0000000080d74528,0x0000000085d80000)
 Metaspace       used 18927K, capacity 19746K, committed 19840K, reserved 1067008K
  class space    used 2669K, capacity 2865K, committed 2944K, reserved 1048576K
Event: 22.204 GC heap after
Heap after GC invocations=3 (full 0):
 PSYoungGen      total 38400K, used 5102K [0x00000000d5800000, 0x00000000d8280000, 0x0000000100000000)
  eden space 33280K, 0% used [0x00000000d5800000,0x00000000d5800000,0x00000000d7880000)
  from space 5120K, 99% used [0x00000000d7880000,0x00000000d7d7bb98,0x00000000d7d80000)
  to   space 5120K, 0% used [0x00000000d7d80000,0x00000000d7d80000,0x00000000d8280000)
 ParOldGen       total 87552K, used 11683K [0x0000000080800000, 0x0000000085d80000, 0x00000000d5800000)
  object space 87552K, 13% used [0x0000000080800000,0x0000000081368cf8,0x0000000085d80000)
 Metaspace       used 18927K, capacity 19746K, committed 19840K, reserved 1067008K
  class space    used 2669K, capacity 2865K, committed 2944K, reserved 1048576K
}
Event: 23.427 GC heap before
{Heap before GC invocations=4 (full 0):
 PSYoungGen      total 38400K, used 13290K [0x00000000d5800000, 0x00000000d8280000, 0x0000000100000000)
  eden space 33280K, 24% used [0x00000000d5800000,0x00000000d5ffef98,0x00000000d7880000)
  from space 5120K, 99% used [0x00000000d7880000,0x00000000d7d7bb98,0x00000000d7d80000)
  to   space 5120K, 0% used [0x00000000d7d80000,0x00000000d7d80000,0x00000000d8280000)
 ParOldGen       total 87552K, used 11683K [0x0000000080800000, 0x0000000085d80000, 0x00000000d5800000)
  object space 87552K, 13% used [0x0000000080800000,0x0000000081368cf8,0x0000000085d80000)
 Metaspace       used 20373K, capacity 21158K, committed 21296K, reserved 1067008K
  class space    used 2926K, capacity 3123K, committed 3200K, reserved 1048576K
Event: 23.453 GC heap after
Heap after GC invocations=4 (full 0):
 PSYoungGen      total 38400K, used 5118K [0x00000000d5800000, 0x00000000d8280000, 0x0000000100000000)
  eden space 33280K, 0% used [0x00000000d5800000,0x00000000d5800000,0x00000000d7880000)
  from space 5120K, 99% used [0x00000000d7d80000,0x00000000d827fb88,0x00000000d8280000)
  to   space 5120K, 0% used [0x00000000d7880000,0x00000000d7880000,0x00000000d7d80000)
 ParOldGen       total 87552K, used 12962K [0x0000000080800000, 0x0000000085d80000, 0x00000000d5800000)
  object space 87552K, 14% used [0x0000000080800000,0x00000000814a89c8,0x0000000085d80000)
 Metaspace       used 20373K, capacity 21158K, committed 21296K, reserved 1067008K
  class space    used 2926K, capacity 3123K, committed 3200K, reserved 1048576K
}
Event: 23.453 GC heap before
{Heap before GC invocations=5 (full 1):
 PSYoungGen      total 38400K, used 5118K [0x00000000d5800000, 0x00000000d8280000, 0x0000000100000000)
  eden space 33280K, 0% used [0x00000000d5800000,0x00000000d5800000,0x00000000d7880000)
  from space 5120K, 99% used [0x00000000d7d80000,0x00000000d827fb88,0x00000000d8280000)
  to   space 5120K, 0% used [0x00000000d7880000,0x00000000d7880000,0x00000000d7d80000)
 ParOldGen       total 87552K, used 12962K [0x0000000080800000, 0x0000000085d80000, 0x00000000d5800000)
  object space 87552K, 14% used [0x0000000080800000,0x00000000814a89c8,0x0000000085d80000)
 Metaspace       used 20373K, capacity 21158K, committed 21296K, reserved 1067008K
  class space    used 2926K, capacity 3123K, committed 3200K, reserved 1048576K
Event: 23.613 GC heap after
Heap after GC invocations=5 (full 1):
 PSYoungGen      total 38400K, used 0K [0x00000000d5800000, 0x00000000d8280000, 0x0000000100000000)
  eden space 33280K, 0% used [0x00000000d5800000,0x00000000d5800000,0x00000000d7880000)
  from space 5120K, 0% used [0x00000000d7d80000,0x00000000d7d80000,0x00000000d8280000)
  to   space 5120K, 0% used [0x00000000d7880000,0x00000000d7880000,0x00000000d7d80000)
 ParOldGen       total 64512K, used 10027K [0x0000000080800000, 0x0000000084700000, 0x00000000d5800000)
  object space 64512K, 15% used [0x0000000080800000,0x00000000811cade8,0x0000000084700000)
 Metaspace       used 20373K, capacity 21158K, committed 21296K, reserved 1067008K
  class space    used 2926K, capacity 3123K, committed 3200K, reserved 1048576K
}
Event: 25.355 GC heap before
{Heap before GC invocations=6 (full 1):
 PSYoungGen      total 38400K, used 33280K [0x00000000d5800000, 0x00000000d8280000, 0x0000000100000000)
  eden space 33280K, 100% used [0x00000000d5800000,0x00000000d7880000,0x00000000d7880000)
  from space 5120K, 0% used [0x00000000d7d80000,0x00000000d7d80000,0x00000000d8280000)
  to   space 5120K, 0% used [0x00000000d7880000,0x00000000d7880000,0x00000000d7d80000)
 ParOldGen       total 64512K, used 10027K [0x0000000080800000, 0x0000000084700000, 0x00000000d5800000)
  object space 64512K, 15% used [0x0000000080800000,0x00000000811cade8,0x0000000084700000)
 Metaspace       used 24275K, capacity 25206K, committed 25472K, reserved 1071104K
  class space    used 4187K, capacity 4397K, committed 4480K, reserved 1048576K
Event: 25.365 GC heap after
Heap after GC invocations=6 (full 1):
 PSYoungGen      total 38400K, used 3714K [0x00000000d5800000, 0x00000000d8280000, 0x0000000100000000)
  eden space 33280K, 0% used [0x00000000d5800000,0x00000000d5800000,0x00000000d7880000)
  from space 5120K, 72% used [0x00000000d7880000,0x00000000d7c20b20,0x00000000d7d80000)
  to   space 5120K, 0% used [0x00000000d7d80000,0x00000000d7d80000,0x00000000d8280000)
 ParOldGen       total 64512K, used 10035K [0x0000000080800000, 0x0000000084700000, 0x00000000d5800000)
  object space 64512K, 15% used [0x0000000080800000,0x00000000811ccde8,0x0000000084700000)
 Metaspace       used 24275K, capacity 25206K, committed 25472K, reserved 1071104K
  class space    used 4187K, capacity 4397K, committed 4480K, reserved 1048576K
}

Deoptimization events (10 events):
Event: 15.486 Thread 0x00000000023d6800 Uncommon trap: reason=unstable_if action=reinterpret pc=0x00000000028e1cb8 method=jdk.internal.org.objectweb.asm.Type.getArgumentsAndReturnSizes(Ljava/lang/String;)I @ 41
Event: 16.399 Thread 0x00000000023d6800 Uncommon trap: reason=unstable_if action=reinterpret pc=0x00000000027cba58 method=java.io.WinNTFileSystem.normalize(Ljava/lang/String;)Ljava/lang/String; @ 128
Event: 17.290 Thread 0x00000000023d6800 Uncommon trap: reason=bimorphic action=maybe_recompile pc=0x0000000002a239f4 method=java.util.HashMap.putVal(ILjava/lang/Object;Ljava/lang/Object;ZZ)Ljava/lang/Object; @ 91
Event: 17.300 Thread 0x00000000023d6800 Uncommon trap: reason=bimorphic action=maybe_recompile pc=0x0000000002a239f4 method=java.util.HashMap.putVal(ILjava/lang/Object;Ljava/lang/Object;ZZ)Ljava/lang/Object; @ 91
Event: 17.317 Thread 0x00000000023d6800 Uncommon trap: reason=bimorphic action=maybe_recompile pc=0x000000000298a7cc method=java.util.HashMap.putVal(ILjava/lang/Object;Ljava/lang/Object;ZZ)Ljava/lang/Object; @ 91
Event: 17.815 Thread 0x00000000023d6800 Uncommon trap: reason=unstable_if action=reinterpret pc=0x0000000002872508 method=java.lang.ThreadLocal$ThreadLocalMap.getEntry(Ljava/lang/ThreadLocal;)Ljava/lang/ThreadLocal$ThreadLocalMap$Entry; @ 29
Event: 17.816 Thread 0x00000000023d6800 Uncommon trap: reason=unstable_if action=reinterpret pc=0x000000000287171c method=java.lang.ThreadLocal$ThreadLocalMap.getEntry(Ljava/lang/ThreadLocal;)Ljava/lang/ThreadLocal$ThreadLocalMap$Entry; @ 29
Event: 17.949 Thread 0x00000000023d6800 Uncommon trap: reason=unstable_if action=reinterpret pc=0x00000000028768f0 method=java.lang.ref.SoftReference.get()Ljava/lang/Object; @ 17
Event: 18.037 Thread 0x00000000023d6800 Uncommon trap: reason=uninitialized action=reinterpret pc=0x0000000002a9d8e4 method=org.neo4j.kernel.impl.transaction.log.ReadAheadChannel.ensureDataExists(I)V @ 115
Event: 21.050 Thread 0x00000000023d6800 Uncommon trap: reason=unstable_if action=reinterpret pc=0x00000000028ba0b4 method=java.util.jar.Manifest$FastInputStream.peek()B @ 23

Internal exceptions (10 events):
Event: 15.438 Thread 0x00000000023d6800 Exception <a 'java/lang/ArrayIndexOutOfBoundsException': 18> (0x00000000d6d9c760) thrown at [C:\re\workspace\8-2-build-windows-amd64-cygwin\jdk8u144\9417\hotspot\src\share\vm\interpreter\interpreterRuntime.cpp, line 366]
Event: 15.439 Thread 0x00000000023d6800 Exception <a 'java/lang/ArrayIndexOutOfBoundsException': 104> (0x00000000d6d9ddd8) thrown at [C:\re\workspace\8-2-build-windows-amd64-cygwin\jdk8u144\9417\hotspot\src\share\vm\interpreter\interpreterRuntime.cpp, line 366]
Event: 15.607 Thread 0x00000000023d6800 Exception <a 'java/lang/NoSuchMethodError': java.lang.Object.lambda$comparing$77a9974f$1(Ljava/util/function/Function;Ljava/lang/Object;Ljava/lang/Object;)I> (0x00000000d6f8eb00) thrown at [C:\re\workspace\8-2-build-windows-amd64-cygwin\jdk8u144\9417\hots
Event: 15.895 Thread 0x00000000023d6800 Exception <a 'java/lang/NoSuchMethodError': java.lang.Object.lambda$isEqual$3(Ljava/lang/Object;Ljava/lang/Object;)Z> (0x00000000d71bc228) thrown at [C:\re\workspace\8-2-build-windows-amd64-cygwin\jdk8u144\9417\hotspot\src\share\vm\interpreter\linkResolve
Event: 16.164 Thread 0x00000000023d6800 Exception <a 'java/lang/IllegalArgumentException': object is not an instance of declaring class> (0x00000000d7373d50) thrown at [C:\re\workspace\8-2-build-windows-amd64-cygwin\jdk8u144\9417\hotspot\src\share\vm\runtime\reflection.cpp, line 926]
Event: 16.164 Thread 0x00000000023d6800 Exception <a 'java/lang/IllegalArgumentException': object is not an instance of declaring class> (0x00000000d7374080) thrown at [C:\re\workspace\8-2-build-windows-amd64-cygwin\jdk8u144\9417\hotspot\src\share\vm\runtime\reflection.cpp, line 926]
Event: 17.823 Thread 0x00000000023d6800 Exception <a 'java/lang/NoSuchMethodError': java.lang.Object.lambda$static$0(Lorg/neo4j/kernel/impl/transaction/log/LogVersionedStoreChannel;)Lorg/neo4j/kernel/impl/transaction/log/LogVersionedStoreChannel;> (0x00000000d5afd8b8) thrown at [C:\re\workspace
Event: 19.465 Thread 0x00000000023d6800 Exception <a 'java/lang/NoSuchMethodError': java.lang.Object.lambda$comparingLong$6043328a$1(Ljava/util/function/ToLongFunction;Ljava/lang/Object;Ljava/lang/Object;)I> (0x00000000d67b1790) thrown at [C:\re\workspace\8-2-build-windows-amd64-cygwin\jdk8u144
Event: 20.666 Thread 0x00000000023d6800 Exception <a 'java/lang/NoSuchMethodError': java.lang.Object.lambda$comparingInt$7b0bb60$1(Ljava/util/function/ToIntFunction;Ljava/lang/Object;Ljava/lang/Object;)I> (0x00000000d7117c48) thrown at [C:\re\workspace\8-2-build-windows-amd64-cygwin\jdk8u144\94
Event: 22.837 Thread 0x00000000023d6800 Exception <a 'java/lang/NoSuchMethodError': java.lang.Object.lambda$static$0()J> (0x00000000d5c750a0) thrown at [C:\re\workspace\8-2-build-windows-amd64-cygwin\jdk8u144\9417\hotspot\src\share\vm\interpreter\linkResolver.cpp, line 582]

Events (10 events):
Event: 27.410 loading class org/neo4j/cypher/internal/v3_3/logical/plans/ProduceResult
Event: 27.410 loading class org/neo4j/cypher/internal/v3_3/logical/plans/ProduceResult done
Event: 27.432 loading class org/neo4j/cypher/internal/compiler/v3_3/planner/logical/QueryPlanner$
Event: 27.433 loading class org/neo4j/cypher/internal/compiler/v3_3/planner/logical/QueryPlanner$ done
Event: 27.449 loading class org/neo4j/cypher/internal/compiler/v3_3/planner/logical/LogicalPlanningFunction1
Event: 27.449 loading class org/neo4j/cypher/internal/compiler/v3_3/planner/logical/LogicalPlanningFunction1 done
Event: 27.450 loading class org/neo4j/cypher/internal/compiler/v3_3/planner/logical/PlanSingleQuery
Event: 27.450 loading class org/neo4j/cypher/internal/compiler/v3_3/planner/logical/PlanSingleQuery done
Event: 27.474 loading class org/neo4j/cypher/internal/compiler/v3_3/planner/logical/PlanSingleQuery$
Event: 27.474 loading class org/neo4j/cypher/internal/compiler/v3_3/planner/logical/PlanSingleQuery$ done


Dynamic libraries:
0x00007ff7dfac0000 - 0x00007ff7dfaf7000 	C:\Program Files\Java\jdk1.8.0_144\bin\java.exe
0x00007ffa92db0000 - 0x00007ffa92f82000 	C:\WINDOWS\SYSTEM32\ntdll.dll
0x00007ffa92190000 - 0x00007ffa9223c000 	C:\WINDOWS\System32\KERNEL32.DLL
0x00007ffa90100000 - 0x00007ffa9031d000 	C:\WINDOWS\System32\KERNELBASE.dll
0x00007ffa90320000 - 0x00007ffa903c2000 	C:\WINDOWS\System32\ADVAPI32.dll
0x00007ffa90700000 - 0x00007ffa9079e000 	C:\WINDOWS\System32\msvcrt.dll
0x00007ffa92130000 - 0x00007ffa92189000 	C:\WINDOWS\System32\sechost.dll
0x00007ffa92280000 - 0x00007ffa923a1000 	C:\WINDOWS\System32\RPCRT4.dll
0x00007ffa92bb0000 - 0x00007ffa92d15000 	C:\WINDOWS\System32\USER32.dll
0x00007ffa90040000 - 0x00007ffa9005e000 	C:\WINDOWS\System32\win32u.dll
0x00007ffa92240000 - 0x00007ffa92274000 	C:\WINDOWS\System32\GDI32.dll
0x00007ffa8fec0000 - 0x00007ffa90040000 	C:\WINDOWS\System32\gdi32full.dll
0x00007ffa86200000 - 0x00007ffa8647a000 	C:\WINDOWS\WinSxS\amd64_microsoft.windows.common-controls_6595b64144ccf1df_6.0.14393.953_none_42151e83c686086b\COMCTL32.dll
0x00007ffa923b0000 - 0x00007ffa92678000 	C:\WINDOWS\System32\combase.dll
0x00007ffa8f290000 - 0x00007ffa8f385000 	C:\WINDOWS\System32\ucrtbase.dll
0x00007ffa8f560000 - 0x00007ffa8f5ca000 	C:\WINDOWS\System32\bcryptPrimitives.dll
0x00007ffa92d80000 - 0x00007ffa92dae000 	C:\WINDOWS\System32\IMM32.DLL
0x0000000076f40000 - 0x0000000077012000 	C:\Program Files\Java\jdk1.8.0_144\jre\bin\msvcr100.dll
0x0000000077020000 - 0x00000000778bd000 	C:\Program Files\Java\jdk1.8.0_144\jre\bin\server\jvm.dll
0x00007ffa903d0000 - 0x00007ffa903d8000 	C:\WINDOWS\System32\PSAPI.DLL
0x00007ffa83000000 - 0x00007ffa83009000 	C:\WINDOWS\SYSTEM32\WSOCK32.dll
0x00007ffa90670000 - 0x00007ffa906da000 	C:\WINDOWS\System32\WS2_32.dll
0x00007ffa8d810000 - 0x00007ffa8d833000 	C:\WINDOWS\SYSTEM32\WINMM.dll
0x00007ffa8b290000 - 0x00007ffa8b29a000 	C:\WINDOWS\SYSTEM32\VERSION.dll
0x00007ffa8d7b0000 - 0x00007ffa8d7db000 	C:\WINDOWS\SYSTEM32\WINMMBASE.dll
0x00007ffa8f5d0000 - 0x00007ffa8f612000 	C:\WINDOWS\System32\cfgmgr32.dll
0x0000000050000000 - 0x000000005000f000 	C:\Program Files\Java\jdk1.8.0_144\jre\bin\verify.dll
0x0000000077b60000 - 0x0000000077b89000 	C:\Program Files\Java\jdk1.8.0_144\jre\bin\java.dll
0x0000000077b40000 - 0x0000000077b56000 	C:\Program Files\Java\jdk1.8.0_144\jre\bin\zip.dll
0x00007ffa907a0000 - 0x00007ffa91ca8000 	C:\WINDOWS\System32\SHELL32.dll
0x00007ffa8f7e0000 - 0x00007ffa8feb8000 	C:\WINDOWS\System32\windows.storage.dll
0x00007ffa8f240000 - 0x00007ffa8f28c000 	C:\WINDOWS\System32\powrprof.dll
0x00007ffa92d20000 - 0x00007ffa92d72000 	C:\WINDOWS\System32\shlwapi.dll
0x00007ffa8f230000 - 0x00007ffa8f23f000 	C:\WINDOWS\System32\kernel.appcore.dll
0x00007ffa8f620000 - 0x00007ffa8f6c9000 	C:\WINDOWS\System32\shcore.dll
0x00007ffa8f200000 - 0x00007ffa8f214000 	C:\WINDOWS\System32\profapi.dll
0x0000000077cb0000 - 0x0000000077cbd000 	C:\Program Files\Java\jdk1.8.0_144\jre\bin\management.dll
0x0000000077b20000 - 0x0000000077b3a000 	C:\Program Files\Java\jdk1.8.0_144\jre\bin\net.dll
0x00007ffa8ead0000 - 0x00007ffa8eb2c000 	C:\WINDOWS\system32\mswsock.dll
0x0000000077b00000 - 0x0000000077b11000 	C:\Program Files\Java\jdk1.8.0_144\jre\bin\nio.dll
0x0000000076cd0000 - 0x0000000076cf4000 	C:\Program Files\Java\jdk1.8.0_144\jre\bin\sunec.dll
0x0000000076cc0000 - 0x0000000076ccb000 	C:\Program Files\Java\jdk1.8.0_144\jre\bin\sunmscapi.dll
0x00007ffa8f390000 - 0x00007ffa8f559000 	C:\WINDOWS\System32\CRYPT32.dll
0x00007ffa8f220000 - 0x00007ffa8f230000 	C:\WINDOWS\System32\MSASN1.dll
0x00007ffa89880000 - 0x00007ffa89898000 	C:\WINDOWS\system32\NLAapi.dll
0x00007ffa80370000 - 0x00007ffa80386000 	C:\WINDOWS\system32\napinsp.dll
0x00007ffa80300000 - 0x00007ffa8031a000 	C:\WINDOWS\system32\pnrpnsp.dll
0x00007ffa8e890000 - 0x00007ffa8e931000 	C:\WINDOWS\SYSTEM32\DNSAPI.dll
0x00007ffa903e0000 - 0x00007ffa903e8000 	C:\WINDOWS\System32\NSI.dll
0x00007ffa8e850000 - 0x00007ffa8e888000 	C:\WINDOWS\SYSTEM32\IPHLPAPI.DLL
0x00007ffa80aa0000 - 0x00007ffa80aae000 	C:\WINDOWS\System32\winrnr.dll
0x00007ffa823b0000 - 0x00007ffa823ba000 	C:\Windows\System32\rasadhlp.dll
0x00007ffa884b0000 - 0x00007ffa8851a000 	C:\WINDOWS\System32\fwpuclnt.dll
0x00007ffa8f140000 - 0x00007ffa8f16b000 	C:\WINDOWS\SYSTEM32\bcrypt.dll
0x00007ffa89140000 - 0x00007ffa89156000 	C:\WINDOWS\SYSTEM32\dhcpcsvc6.DLL
0x00007ffa89120000 - 0x00007ffa8913a000 	C:\WINDOWS\SYSTEM32\dhcpcsvc.DLL

VM Arguments:
jvm_args: -Dfile.encoding=windows-1251 -Duser.country=US -Duser.language=en -Duser.variant 
java_command: org.jacoco.examples.java.gradle.Main
java_class_path (initial): C:\my documents\NetBeansProjects\Neo4j_Java_SocialNetwork\build\classes\main;C:\my documents\NetBeansProjects\Neo4j_Java_SocialNetwork\build\resources\main;C:\Users\Никита\.gradle\caches\modules-2\files-2.1\com.fasterxml.jackson.core\jackson-core\2.4.1\b130bcfb5a9c410c3cbd2e0adec9437e69a39e2c\jackson-core-2.4.1.jar;C:\Users\Никита\.gradle\caches\modules-2\files-2.1\com.fasterxml.jackson.core\jackson-annotations\2.4.1\55605135bd7b836612e0bba7037c9669f6ccf89f\jackson-annotations-2.4.1.jar;C:\Users\Никита\.gradle\caches\modules-2\files-2.1\com.fasterxml.jackson.core\jackson-databind\2.4.1\f07c773f7b3a03c3801d405cadbdc93f7548e321\jackson-databind-2.4.1.jar;C:\Users\Никита\.gradle\caches\modules-2\files-2.1\org.json\json\20160810\aca5eb39e2a12fddd6c472b240afe9ebea3a6733\json-20160810.jar;C:\Users\Никита\.gradle\caches\modules-2\files-2.1\org.neo4j\neo4j\3.3.1\1cc47e5dda2a21818934a587fa37eadcbe6f9d53\neo4j-3.3.1.jar;C:\Users\Никита\.gradle\caches\modules-2\files-2.1\org.projectlombok\lombok\1.16.18\557d13dcb647038dc687390711ccb5c9b3ffbd60\lombok-1.16.18.jar;C:\Users\Никита\.gradle\caches\modules-2\files-2.1\org.slf4j\slf4j-nop\1.7.13\e94a615af59d53c573c3a19309daa4bda313e35a\slf4j-nop-1.7.13.jar;C:\Users\Никита\.gradle\caches\modules-2\files-2.1\org.neo4j\neo4j-kernel\3.3.1\934d9f7609b1c71d8759bc114ee30f124b80a8a5\neo4j-kernel-3.3.1.jar;C:\Users\Никита\.gradle\caches\modules-2\files-2.1\org.neo4j\neo4j-lucene-index\3.3.1\5557c77e9655760bb53f60c1612c7b545bf404ea\neo4j-lucene-index-3.3.1.jar;C:\Users\Никита\.gradle\caches\modules-2\files-2.1\org.neo4j\neo4j-graph-algo\3.3.1\3db50188e55cfe0d177987b668f5954b17cd9f55\neo4j-graph-algo-3.3.1.jar;C:\Users\Никита\.gradle\caches\modules-2\files-2.1\org.neo4j\neo4j-udc\3.3.1\787da124401f6aae955e54111f5f45bfa83d0247\neo4j-udc-3.3.1.jar;C:\Users\Никита\.gradle\caches\modules-2\files-2.1\org.neo4j\neo4j-cypher\3.3.1\1df0eda79ccfa36badf3bd9023d74753d600b271\neo4j-cypher-3.3.1.jar;C:\Users\Никита\.gradle\cache
Launcher Type: SUN_STANDARD

Environment Variables:
JAVA_HOME=C:\Program Files\Java\jdk1.8.0_144
JRE_HOME=C:\Program Files\Java\jre1.8.0_144
CLASSPATH=C:\jackson\jackson-all-1.9.0.jar
PATH=C:\ProgramData\Oracle\Java\javapath;C:\Program Files (x86)\NVIDIA Corporation\PhysX\Common;C:\WINDOWS\system32;C:\WINDOWS;C:\WINDOWS\System32\Wbem;C:\WINDOWS\System32\WindowsPowerShell\v1.0\;C:\Program Files (x86)\Toshiba\Bluetooth Toshiba Stack\sys\;C:\Program Files (x86)\Toshiba\Bluetooth Toshiba Stack\sys\x64\;C:\Program Files (x86)\Microsoft SQL Server\100\Tools\Binn\;C:\Program Files (x86)\Microsoft SQL Server\100\DTS\Binn\;C:\Program Files\Common Files\Autodesk Shared\;C:\Program Files (x86)\QuickTime\QTSystem\;C:\WINDOWS\system32\config\systemprofile\.dnx\bin;C:\Program Files\Microsoft DNX\Dnvm\;C:\Program Files\Microsoft SQL Server\Client SDK\ODBC\110\Tools\Binn\;C:\Program Files (x86)\Microsoft SQL Server\120\Tools\Binn\ManagementStudio\;C:\Program Files (x86)\Microsoft SQL Server\120\Tools\Binn\;C:\Program Files\Microsoft SQL Server\120\Tools\Binn\;C:\Program Files (x86)\Microsoft SQL Server\120\DTS\Binn\;C:\Program Files\Microsoft SQL Server\120\DTS\Binn\;C:\Program Files (x86)\Skype\Phone\;C:\Program Files\Java\jdk1.8.0_144bin;%JMETER_HOME%bin;C:\Program Files (x86)\Brackets\command;C:\Users\Никита\AppData\Local\Programs\Python\Python35-32\;C:\Users\Никита\AppData\Local\Programs\Python\Python35-32\Scripts;C:\Gradle\bin;C:\Program Files\Git\cmd;D:\eclipse\jboss-4.2.1.GA\bin;C:\Users\Никита\AppData\Local\Programs\Python\Python35-32\Scripts\;C:\Users\Никита\AppData\Local\Programs\Python\Python35-32\;C:\Users\Никита\AppData\Local\Microsoft\WindowsApps;C:\Program Files\Java\jdk1.8.0_144\bin;C:\Gradle\bin
USERNAME=Никита
OS=Windows_NT
PROCESSOR_IDENTIFIER=Intel64 Family 6 Model 23 Stepping 10, GenuineIntel



---------------  S Y S T E M  ---------------

OS: Windows 10.0 , 64 bit Build 14393 (10.0.14393.1198)

CPU:total 2 (initial active 2) (2 cores per cpu, 1 threads per core) family 6 model 23 stepping 10, cmov, cx8, fxsr, mmx, sse, sse2, sse3, ssse3, sse4.1, tsc

Memory: 4k page, physical 8352628k(1692416k free), swap 8352628k(6160k free)

vm_info: Java HotSpot(TM) 64-Bit Server VM (25.144-b01) for windows-amd64 JRE (1.8.0_144-b01), built on Jul 21 2017 21:57:33 by "java_re" with MS VC++ 10.0 (VS2010)

time: Sun Dec 03 20:41:58 2017
elapsed time: 27 seconds (0d 0h 0m 27s)

