#
# There is insufficient memory for the Java Runtime Environment to continue.
# Native memory allocation (malloc) failed to allocate 1048576 bytes for AllocateHeap
# Possible reasons:
#   The system is out of physical RAM or swap space
#   In 32 bit mode, the process size limit was hit
# Possible solutions:
#   Reduce memory load on the system
#   Increase physical memory or swap space
#   Check if swap backing store is full
#   Use 64 bit Java on a 64 bit OS
#   Decrease Java heap size (-Xmx/-Xms)
#   Decrease number of Java threads
#   Decrease Java thread stack sizes (-Xss)
#   Set larger code cache with -XX:ReservedCodeCacheSize=
# This output file may be truncated or incomplete.
#
#  Out of Memory Error (memory/allocation.inline.hpp:61), pid=2020, tid=0x00000000000017cc
#
# JRE version:  (8.0_144-b01) (build )
# Java VM: Java HotSpot(TM) 64-Bit Server VM (25.144-b01 mixed mode windows-amd64 compressed oops)
# Failed to write core dump. Minidumps are not enabled by default on client versions of Windows
#

---------------  T H R E A D  ---------------

Current thread (0x0000000002e86800):  JavaThread "Unknown thread" [_thread_in_vm, id=6092, stack(0x0000000002d80000,0x0000000002e80000)]

Stack: [0x0000000002d80000,0x0000000002e80000]
[error occurred during error reporting (printing stack bounds), id 0xc0000005]

Native frames: (J=compiled Java code, j=interpreted, Vv=VM code, C=native code)


---------------  P R O C E S S  ---------------

Java Threads: ( => current thread )

Other Threads:

=>0x0000000002e86800 (exited) JavaThread "Unknown thread" [_thread_in_vm, id=6092, stack(0x0000000002d80000,0x0000000002e80000)]

VM state:not at safepoint (normal execution)

VM Mutex/Monitor currently owned by a thread: None

Heap:
 PSYoungGen      total 38400K, used 665K [0x00000000d5800000, 0x00000000d8280000, 0x0000000100000000)
  eden space 33280K, 2% used [0x00000000d5800000,0x00000000d58a6670,0x00000000d7880000)
  from space 5120K, 0% used [0x00000000d7d80000,0x00000000d7d80000,0x00000000d8280000)
  to   space 5120K, 0% used [0x00000000d7880000,0x00000000d7880000,0x00000000d7d80000)
 ParOldGen       total 87552K, used 0K [0x0000000080800000, 0x0000000085d80000, 0x00000000d5800000)
  object space 87552K, 0% used [0x0000000080800000,0x0000000080800000,0x0000000085d80000)
 Metaspace       used 770K, capacity 4480K, committed 4480K, reserved 1056768K
  class space    used 75K, capacity 384K, committed 384K, reserved 1048576K

Card table byte_map: [0x0000000012340000,0x0000000012740000] byte_map_base: 0x0000000011f3c000

Marking Bits: (ParMarkBitMap*) 0x000000007783d850
 Begin Bits: [0x0000000012bf0000, 0x0000000014bd0000)
 End Bits:   [0x0000000014bd0000, 0x0000000016bb0000)

Polling page: 0x00000000010b0000

CodeCache: size=245760Kb used=327Kb max_used=327Kb free=245432Kb
 bounds [0x0000000002f80000, 0x00000000031f0000, 0x0000000011f80000]
 total_blobs=56 nmethods=0 adapters=38
 compilation: enabled

Compilation events (0 events):
No events

GC Heap History (0 events):
No events

Deoptimization events (0 events):
No events

Internal exceptions (0 events):
No events

Events (10 events):
Event: 0.058 loading class java/lang/Short
Event: 0.059 loading class java/lang/Short done
Event: 0.059 loading class java/lang/Integer
Event: 0.059 loading class java/lang/Integer done
Event: 0.059 loading class java/lang/Long
Event: 0.059 loading class java/lang/Long done
Event: 0.060 loading class java/lang/NullPointerException
Event: 0.060 loading class java/lang/NullPointerException done
Event: 0.060 loading class java/lang/ArithmeticException
Event: 0.060 loading class java/lang/ArithmeticException done


Dynamic libraries:
0x00007ff6130e0000 - 0x00007ff613117000 	C:\Program Files\Java\jdk1.8.0_144\bin\java.exe
0x00007ffa92db0000 - 0x00007ffa92f82000 	C:\WINDOWS\SYSTEM32\ntdll.dll
0x00007ffa92190000 - 0x00007ffa9223c000 	C:\WINDOWS\System32\KERNEL32.DLL
0x00007ffa90100000 - 0x00007ffa9031d000 	C:\WINDOWS\System32\KERNELBASE.dll
0x00007ffa90320000 - 0x00007ffa903c2000 	C:\WINDOWS\System32\ADVAPI32.dll
0x00007ffa90700000 - 0x00007ffa9079e000 	C:\WINDOWS\System32\msvcrt.dll
0x00007ffa92130000 - 0x00007ffa92189000 	C:\WINDOWS\System32\sechost.dll
0x00007ffa92280000 - 0x00007ffa923a1000 	C:\WINDOWS\System32\RPCRT4.dll
0x00007ffa92bb0000 - 0x00007ffa92d15000 	C:\WINDOWS\System32\USER32.dll
0x00007ffa90040000 - 0x00007ffa9005e000 	C:\WINDOWS\System32\win32u.dll
0x00007ffa92240000 - 0x00007ffa92274000 	C:\WINDOWS\System32\GDI32.dll
0x00007ffa8fec0000 - 0x00007ffa90040000 	C:\WINDOWS\System32\gdi32full.dll
0x00007ffa86200000 - 0x00007ffa8647a000 	C:\WINDOWS\WinSxS\amd64_microsoft.windows.common-controls_6595b64144ccf1df_6.0.14393.953_none_42151e83c686086b\COMCTL32.dll
0x00007ffa923b0000 - 0x00007ffa92678000 	C:\WINDOWS\System32\combase.dll
0x00007ffa8f290000 - 0x00007ffa8f385000 	C:\WINDOWS\System32\ucrtbase.dll
0x00007ffa8f560000 - 0x00007ffa8f5ca000 	C:\WINDOWS\System32\bcryptPrimitives.dll
0x00007ffa92d80000 - 0x00007ffa92dae000 	C:\WINDOWS\System32\IMM32.DLL
0x0000000076f40000 - 0x0000000077012000 	C:\Program Files\Java\jdk1.8.0_144\jre\bin\msvcr100.dll
0x0000000077020000 - 0x00000000778bd000 	C:\Program Files\Java\jdk1.8.0_144\jre\bin\server\jvm.dll
0x00007ffa903d0000 - 0x00007ffa903d8000 	C:\WINDOWS\System32\PSAPI.DLL
0x00007ffa83000000 - 0x00007ffa83009000 	C:\WINDOWS\SYSTEM32\WSOCK32.dll
0x00007ffa90670000 - 0x00007ffa906da000 	C:\WINDOWS\System32\WS2_32.dll
0x00007ffa8d810000 - 0x00007ffa8d833000 	C:\WINDOWS\SYSTEM32\WINMM.dll
0x00007ffa8b290000 - 0x00007ffa8b29a000 	C:\WINDOWS\SYSTEM32\VERSION.dll
0x00007ffa8d7b0000 - 0x00007ffa8d7db000 	C:\WINDOWS\SYSTEM32\WINMMBASE.dll
0x00007ffa8f5d0000 - 0x00007ffa8f612000 	C:\WINDOWS\System32\cfgmgr32.dll
0x0000000050000000 - 0x000000005000f000 	C:\Program Files\Java\jdk1.8.0_144\jre\bin\verify.dll
0x0000000077b60000 - 0x0000000077b89000 	C:\Program Files\Java\jdk1.8.0_144\jre\bin\java.dll
0x0000000077b40000 - 0x0000000077b56000 	C:\Program Files\Java\jdk1.8.0_144\jre\bin\zip.dll

VM Arguments:
jvm_args: -Dfile.encoding=windows-1251 -Duser.country=US -Duser.language=en -Duser.variant 
java_command: org.jacoco.examples.java.gradle.Main
java_class_path (initial): C:\my documents\NetBeansProjects\Neo4j_Java_SocialNetwork\build\classes\main;C:\my documents\NetBeansProjects\Neo4j_Java_SocialNetwork\build\resources\main;C:\Users\Никита\.gradle\caches\modules-2\files-2.1\com.fasterxml.jackson.core\jackson-core\2.4.1\b130bcfb5a9c410c3cbd2e0adec9437e69a39e2c\jackson-core-2.4.1.jar;C:\Users\Никита\.gradle\caches\modules-2\files-2.1\com.fasterxml.jackson.core\jackson-annotations\2.4.1\55605135bd7b836612e0bba7037c9669f6ccf89f\jackson-annotations-2.4.1.jar;C:\Users\Никита\.gradle\caches\modules-2\files-2.1\com.fasterxml.jackson.core\jackson-databind\2.4.1\f07c773f7b3a03c3801d405cadbdc93f7548e321\jackson-databind-2.4.1.jar;C:\Users\Никита\.gradle\caches\modules-2\files-2.1\org.json\json\20160810\aca5eb39e2a12fddd6c472b240afe9ebea3a6733\json-20160810.jar;C:\Users\Никита\.gradle\caches\modules-2\files-2.1\org.neo4j\neo4j\3.3.1\1cc47e5dda2a21818934a587fa37eadcbe6f9d53\neo4j-3.3.1.jar;C:\Users\Никита\.gradle\caches\modules-2\files-2.1\org.projectlombok\lombok\1.16.18\557d13dcb647038dc687390711ccb5c9b3ffbd60\lombok-1.16.18.jar;C:\Users\Никита\.gradle\caches\modules-2\files-2.1\org.slf4j\slf4j-nop\1.7.13\e94a615af59d53c573c3a19309daa4bda313e35a\slf4j-nop-1.7.13.jar;C:\Users\Никита\.gradle\caches\modules-2\files-2.1\org.neo4j\neo4j-kernel\3.3.1\934d9f7609b1c71d8759bc114ee30f124b80a8a5\neo4j-kernel-3.3.1.jar;C:\Users\Никита\.gradle\caches\modules-2\files-2.1\org.neo4j\neo4j-lucene-index\3.3.1\5557c77e9655760bb53f60c1612c7b545bf404ea\neo4j-lucene-index-3.3.1.jar;C:\Users\Никита\.gradle\caches\modules-2\files-2.1\org.neo4j\neo4j-graph-algo\3.3.1\3db50188e55cfe0d177987b668f5954b17cd9f55\neo4j-graph-algo-3.3.1.jar;C:\Users\Никита\.gradle\caches\modules-2\files-2.1\org.neo4j\neo4j-udc\3.3.1\787da124401f6aae955e54111f5f45bfa83d0247\neo4j-udc-3.3.1.jar;C:\Users\Никита\.gradle\caches\modules-2\files-2.1\org.neo4j\neo4j-cypher\3.3.1\1df0eda79ccfa36badf3bd9023d74753d600b271\neo4j-cypher-3.3.1.jar;C:\Users\Никита\.gradle\cache
Launcher Type: SUN_STANDARD

Environment Variables:
JAVA_HOME=C:\Program Files\Java\jdk1.8.0_144
JRE_HOME=C:\Program Files\Java\jre1.8.0_144
CLASSPATH=C:\jackson\jackson-all-1.9.0.jar
PATH=C:\ProgramData\Oracle\Java\javapath;C:\Program Files (x86)\NVIDIA Corporation\PhysX\Common;C:\WINDOWS\system32;C:\WINDOWS;C:\WINDOWS\System32\Wbem;C:\WINDOWS\System32\WindowsPowerShell\v1.0\;C:\Program Files (x86)\Toshiba\Bluetooth Toshiba Stack\sys\;C:\Program Files (x86)\Toshiba\Bluetooth Toshiba Stack\sys\x64\;C:\Program Files (x86)\Microsoft SQL Server\100\Tools\Binn\;C:\Program Files (x86)\Microsoft SQL Server\100\DTS\Binn\;C:\Program Files\Common Files\Autodesk Shared\;C:\Program Files (x86)\QuickTime\QTSystem\;C:\WINDOWS\system32\config\systemprofile\.dnx\bin;C:\Program Files\Microsoft DNX\Dnvm\;C:\Program Files\Microsoft SQL Server\Client SDK\ODBC\110\Tools\Binn\;C:\Program Files (x86)\Microsoft SQL Server\120\Tools\Binn\ManagementStudio\;C:\Program Files (x86)\Microsoft SQL Server\120\Tools\Binn\;C:\Program Files\Microsoft SQL Server\120\Tools\Binn\;C:\Program Files (x86)\Microsoft SQL Server\120\DTS\Binn\;C:\Program Files\Microsoft SQL Server\120\DTS\Binn\;C:\Program Files (x86)\Skype\Phone\;C:\Program Files\Java\jdk1.8.0_144bin;%JMETER_HOME%bin;C:\Program Files (x86)\Brackets\command;C:\Users\Никита\AppData\Local\Programs\Python\Python35-32\;C:\Users\Никита\AppData\Local\Programs\Python\Python35-32\Scripts;C:\Gradle\bin;C:\Program Files\Git\cmd;D:\eclipse\jboss-4.2.1.GA\bin;C:\Users\Никита\AppData\Local\Programs\Python\Python35-32\Scripts\;C:\Users\Никита\AppData\Local\Programs\Python\Python35-32\;C:\Users\Никита\AppData\Local\Microsoft\WindowsApps;C:\Program Files\Java\jdk1.8.0_144\bin;C:\Gradle\bin
USERNAME=Никита
OS=Windows_NT
PROCESSOR_IDENTIFIER=Intel64 Family 6 Model 23 Stepping 10, GenuineIntel



---------------  S Y S T E M  ---------------

OS: Windows 10.0 , 64 bit Build 14393 (10.0.14393.1198)

CPU:total 2 (initial active 2) (2 cores per cpu, 1 threads per core) family 6 model 23 stepping 10, cmov, cx8, fxsr, mmx, sse, sse2, sse3, ssse3, sse4.1, tsc

Memory: 4k page, physical 8352628k(1632072k free), swap 8352628k(5572k free)

vm_info: Java HotSpot(TM) 64-Bit Server VM (25.144-b01) for windows-amd64 JRE (1.8.0_144-b01), built on Jul 21 2017 21:57:33 by "java_re" with MS VC++ 10.0 (VS2010)

time: Mon Dec 04 11:17:05 2017
elapsed time: 0 seconds (0d 0h 0m 0s)

