#
# There is insufficient memory for the Java Runtime Environment to continue.
# Native memory allocation (malloc) failed to allocate 261776 bytes for Chunk::new
# Possible reasons:
#   The system is out of physical RAM or swap space
#   In 32 bit mode, the process size limit was hit
# Possible solutions:
#   Reduce memory load on the system
#   Increase physical memory or swap space
#   Check if swap backing store is full
#   Use 64 bit Java on a 64 bit OS
#   Decrease Java heap size (-Xmx/-Xms)
#   Decrease number of Java threads
#   Decrease Java thread stack sizes (-Xss)
#   Set larger code cache with -XX:ReservedCodeCacheSize=
# This output file may be truncated or incomplete.
#
#  Out of Memory Error (allocation.cpp:390), pid=6624, tid=0x00000000000016d0
#
# JRE version: Java(TM) SE Runtime Environment (8.0_144-b01) (build 1.8.0_144-b01)
# Java VM: Java HotSpot(TM) 64-Bit Server VM (25.144-b01 mixed mode windows-amd64 compressed oops)
# Failed to write core dump. Minidumps are not enabled by default on client versions of Windows
#

---------------  T H R E A D  ---------------

Current thread (0x0000000017b83800):  JavaThread "C2 CompilerThread0" daemon [_thread_in_native, id=5840, stack(0x0000000018bb0000,0x0000000018cb0000)]

Stack: [0x0000000018bb0000,0x0000000018cb0000]
[error occurred during error reporting (printing stack bounds), id 0xc0000005]

Native frames: (J=compiled Java code, j=interpreted, Vv=VM code, C=native code)


Current CompileTask:
C2:  14022  770       4       java.io.WinNTFileSystem::normalize (143 bytes)


---------------  P R O C E S S  ---------------

Java Threads: ( => current thread )
  0x0000000017be2000 JavaThread "Service Thread" daemon [_thread_blocked, id=10092, stack(0x0000000018db0000,0x0000000018eb0000)]
  0x0000000017b86000 JavaThread "C1 CompilerThread1" daemon [_thread_blocked, id=8804, stack(0x0000000018cb0000,0x0000000018db0000)]
=>0x0000000017b83800 JavaThread "C2 CompilerThread0" daemon [_thread_in_native, id=5840, stack(0x0000000018bb0000,0x0000000018cb0000)]
  0x0000000017b81000 JavaThread "Attach Listener" daemon [_thread_blocked, id=4804, stack(0x0000000018ab0000,0x0000000018bb0000)]
  0x0000000017b7b800 JavaThread "Signal Dispatcher" daemon [_thread_blocked, id=11060, stack(0x00000000189b0000,0x0000000018ab0000)]
  0x0000000017b68800 JavaThread "Finalizer" daemon [_thread_blocked, id=220, stack(0x00000000187c0000,0x00000000188c0000)]
  0x00000000031e3000 JavaThread "Reference Handler" daemon [_thread_blocked, id=8376, stack(0x00000000186c0000,0x00000000187c0000)]
  0x00000000030f6800 JavaThread "main" [_thread_in_Java, id=8404, stack(0x0000000002ff0000,0x00000000030f0000)]

Other Threads:
  0x0000000017b46000 VMThread [stack: 0x00000000185c0000,0x00000000186c0000] [id=9748]
  0x0000000017c1d800 WatcherThread [stack: 0x00000000192b0000,0x00000000193b0000] [id=8136]

VM state:not at safepoint (normal execution)

VM Mutex/Monitor currently owned by a thread: None

Heap:
 PSYoungGen      total 38400K, used 16617K [0x00000000d5800000, 0x00000000d8280000, 0x0000000100000000)
  eden space 33280K, 49% used [0x00000000d5800000,0x00000000d683a650,0x00000000d7880000)
  from space 5120K, 0% used [0x00000000d7d80000,0x00000000d7d80000,0x00000000d8280000)
  to   space 5120K, 0% used [0x00000000d7880000,0x00000000d7880000,0x00000000d7d80000)
 ParOldGen       total 87552K, used 0K [0x0000000080800000, 0x0000000085d80000, 0x00000000d5800000)
  object space 87552K, 0% used [0x0000000080800000,0x0000000080800000,0x0000000085d80000)
 Metaspace       used 7241K, capacity 7580K, committed 7680K, reserved 1056768K
  class space    used 881K, capacity 1004K, committed 1024K, reserved 1048576K

Card table byte_map: [0x00000000125b0000,0x00000000129b0000] byte_map_base: 0x00000000121ac000

Marking Bits: (ParMarkBitMap*) 0x000000007783d850
 Begin Bits: [0x0000000012e60000, 0x0000000014e40000)
 End Bits:   [0x0000000014e40000, 0x0000000016e20000)

Polling page: 0x0000000000fc0000

CodeCache: size=245760Kb used=2880Kb max_used=2880Kb free=242879Kb
 bounds [0x00000000031f0000, 0x00000000034d0000, 0x00000000121f0000]
 total_blobs=1064 nmethods=771 adapters=208
 compilation: enabled

Compilation events (10 events):
Event: 13.950 Thread 0x0000000017b86000 nmethod 767 0x00000000034bdd10 code [0x00000000034bdee0, 0x00000000034bef28]
Event: 13.982 Thread 0x0000000017b86000  768       3       java.util.regex.ASCII::isType (15 bytes)
Event: 13.982 Thread 0x0000000017b83800  770       4       java.io.WinNTFileSystem::normalize (143 bytes)
Event: 13.983 Thread 0x0000000017b86000 nmethod 768 0x00000000034bf190 code [0x00000000034bf300, 0x00000000034bf570]
Event: 13.983 Thread 0x0000000017b86000  769       3       java.util.regex.ASCII::getType (17 bytes)
Event: 13.983 Thread 0x0000000017b86000 nmethod 769 0x00000000034bf690 code [0x00000000034bf800, 0x00000000034bf9d0]
Event: 13.984 Thread 0x0000000017b86000  771       3       java.util.regex.Pattern::next (33 bytes)
Event: 13.985 Thread 0x0000000017b86000 nmethod 771 0x00000000034bfa90 code [0x00000000034bfc00, 0x00000000034bfec8]
Event: 13.997 Thread 0x0000000017b86000  772       3       java.util.regex.Pattern$Ctype::isSatisfiedBy (24 bytes)
Event: 13.998 Thread 0x0000000017b86000 nmethod 772 0x00000000034c0010 code [0x00000000034c0180, 0x00000000034c0510]

GC Heap History (0 events):
No events

Deoptimization events (0 events):
No events

Internal exceptions (10 events):
Event: 8.717 Thread 0x00000000030f6800 Exception <a 'java/lang/NoSuchFieldError': method resolution failed> (0x00000000d5b97320) thrown at [C:\re\workspace\8-2-build-windows-amd64-cygwin\jdk8u144\9417\hotspot\src\share\vm\prims\methodHandles.cpp, line 1146]
Event: 8.855 Thread 0x00000000030f6800 Exception <a 'java/security/PrivilegedActionException'> (0x00000000d5c31930) thrown at [C:\re\workspace\8-2-build-windows-amd64-cygwin\jdk8u144\9417\hotspot\src\share\vm\prims\jvm.cpp, line 1390]
Event: 8.855 Thread 0x00000000030f6800 Exception <a 'java/security/PrivilegedActionException'> (0x00000000d5c31b40) thrown at [C:\re\workspace\8-2-build-windows-amd64-cygwin\jdk8u144\9417\hotspot\src\share\vm\prims\jvm.cpp, line 1390]
Event: 8.856 Thread 0x00000000030f6800 Exception <a 'java/security/PrivilegedActionException'> (0x00000000d5c35c38) thrown at [C:\re\workspace\8-2-build-windows-amd64-cygwin\jdk8u144\9417\hotspot\src\share\vm\prims\jvm.cpp, line 1390]
Event: 8.856 Thread 0x00000000030f6800 Exception <a 'java/security/PrivilegedActionException'> (0x00000000d5c35e48) thrown at [C:\re\workspace\8-2-build-windows-amd64-cygwin\jdk8u144\9417\hotspot\src\share\vm\prims\jvm.cpp, line 1390]
Event: 11.994 Thread 0x00000000030f6800 Exception <a 'java/lang/NoSuchMethodError': java.lang.Object.lambda$identity$2(Ljava/lang/Object;)Ljava/lang/Object;> (0x00000000d5faf630) thrown at [C:\re\workspace\8-2-build-windows-amd64-cygwin\jdk8u144\9417\hotspot\src\share\vm\interpreter\linkResolve
Event: 12.170 Thread 0x00000000030f6800 Exception <a 'java/lang/IncompatibleClassChangeError': Found class java.lang.Object, but interface was expected> (0x00000000d614e670) thrown at [C:\re\workspace\8-2-build-windows-amd64-cygwin\jdk8u144\9417\hotspot\src\share\vm\interpreter\linkResolver.cpp
Event: 12.171 Thread 0x00000000030f6800 Exception <a 'java/lang/IncompatibleClassChangeError': Found class java.lang.Object, but interface was expected> (0x00000000d61519c0) thrown at [C:\re\workspace\8-2-build-windows-amd64-cygwin\jdk8u144\9417\hotspot\src\share\vm\interpreter\linkResolver.cpp
Event: 12.282 Thread 0x00000000030f6800 Exception <a 'java/lang/IncompatibleClassChangeError': Found class java.lang.Object, but interface was expected> (0x00000000d62718a0) thrown at [C:\re\workspace\8-2-build-windows-amd64-cygwin\jdk8u144\9417\hotspot\src\share\vm\interpreter\linkResolver.cpp
Event: 12.648 Thread 0x00000000030f6800 Exception <a 'java/lang/NoSuchMethodError': java.lang.Object.lambda$static$0()V> (0x00000000d6448578) thrown at [C:\re\workspace\8-2-build-windows-amd64-cygwin\jdk8u144\9417\hotspot\src\share\vm\interpreter\linkResolver.cpp, line 582]

Events (10 events):
Event: 13.982 loading class org/neo4j/kernel/info/JvmMetadataRepository
Event: 13.982 loading class org/neo4j/kernel/info/JvmMetadataRepository done
Event: 13.987 loading class org/neo4j/kernel/monitoring/tracing/Tracers
Event: 13.987 loading class org/neo4j/kernel/monitoring/tracing/Tracers done
Event: 13.988 loading class org/neo4j/kernel/monitoring/tracing/TracerFactory
Event: 13.988 loading class org/neo4j/kernel/monitoring/tracing/TracerFactory done
Event: 13.998 loading class org/neo4j/kernel/monitoring/tracing/DefaultTracerFactory
Event: 13.998 loading class org/neo4j/kernel/monitoring/tracing/DefaultTracerFactory done
Event: 13.999 loading class org/neo4j/io/pagecache/tracing/cursor/PageCursorTracerSupplier
Event: 13.999 loading class org/neo4j/io/pagecache/tracing/cursor/PageCursorTracerSupplier done


Dynamic libraries:
0x00007ff6130e0000 - 0x00007ff613117000 	C:\Program Files\Java\jdk1.8.0_144\bin\java.exe
0x00007ffa92db0000 - 0x00007ffa92f82000 	C:\WINDOWS\SYSTEM32\ntdll.dll
0x00007ffa92190000 - 0x00007ffa9223c000 	C:\WINDOWS\System32\KERNEL32.DLL
0x00007ffa90100000 - 0x00007ffa9031d000 	C:\WINDOWS\System32\KERNELBASE.dll
0x00007ffa90320000 - 0x00007ffa903c2000 	C:\WINDOWS\System32\ADVAPI32.dll
0x00007ffa90700000 - 0x00007ffa9079e000 	C:\WINDOWS\System32\msvcrt.dll
0x00007ffa92130000 - 0x00007ffa92189000 	C:\WINDOWS\System32\sechost.dll
0x00007ffa92280000 - 0x00007ffa923a1000 	C:\WINDOWS\System32\RPCRT4.dll
0x00007ffa92bb0000 - 0x00007ffa92d15000 	C:\WINDOWS\System32\USER32.dll
0x00007ffa90040000 - 0x00007ffa9005e000 	C:\WINDOWS\System32\win32u.dll
0x00007ffa92240000 - 0x00007ffa92274000 	C:\WINDOWS\System32\GDI32.dll
0x00007ffa8fec0000 - 0x00007ffa90040000 	C:\WINDOWS\System32\gdi32full.dll
0x00007ffa86200000 - 0x00007ffa8647a000 	C:\WINDOWS\WinSxS\amd64_microsoft.windows.common-controls_6595b64144ccf1df_6.0.14393.953_none_42151e83c686086b\COMCTL32.dll
0x00007ffa923b0000 - 0x00007ffa92678000 	C:\WINDOWS\System32\combase.dll
0x00007ffa8f290000 - 0x00007ffa8f385000 	C:\WINDOWS\System32\ucrtbase.dll
0x00007ffa8f560000 - 0x00007ffa8f5ca000 	C:\WINDOWS\System32\bcryptPrimitives.dll
0x00007ffa92d80000 - 0x00007ffa92dae000 	C:\WINDOWS\System32\IMM32.DLL
0x0000000076f40000 - 0x0000000077012000 	C:\Program Files\Java\jdk1.8.0_144\jre\bin\msvcr100.dll
0x0000000077020000 - 0x00000000778bd000 	C:\Program Files\Java\jdk1.8.0_144\jre\bin\server\jvm.dll
0x00007ffa903d0000 - 0x00007ffa903d8000 	C:\WINDOWS\System32\PSAPI.DLL
0x00007ffa83000000 - 0x00007ffa83009000 	C:\WINDOWS\SYSTEM32\WSOCK32.dll
0x00007ffa90670000 - 0x00007ffa906da000 	C:\WINDOWS\System32\WS2_32.dll
0x00007ffa8d810000 - 0x00007ffa8d833000 	C:\WINDOWS\SYSTEM32\WINMM.dll
0x00007ffa8b290000 - 0x00007ffa8b29a000 	C:\WINDOWS\SYSTEM32\VERSION.dll
0x00007ffa8d7b0000 - 0x00007ffa8d7db000 	C:\WINDOWS\SYSTEM32\WINMMBASE.dll
0x00007ffa8f5d0000 - 0x00007ffa8f612000 	C:\WINDOWS\System32\cfgmgr32.dll
0x0000000050000000 - 0x000000005000f000 	C:\Program Files\Java\jdk1.8.0_144\jre\bin\verify.dll
0x0000000077b60000 - 0x0000000077b89000 	C:\Program Files\Java\jdk1.8.0_144\jre\bin\java.dll
0x0000000077b40000 - 0x0000000077b56000 	C:\Program Files\Java\jdk1.8.0_144\jre\bin\zip.dll
0x00007ffa907a0000 - 0x00007ffa91ca8000 	C:\WINDOWS\System32\SHELL32.dll
0x00007ffa8f7e0000 - 0x00007ffa8feb8000 	C:\WINDOWS\System32\windows.storage.dll
0x00007ffa8f240000 - 0x00007ffa8f28c000 	C:\WINDOWS\System32\powrprof.dll
0x00007ffa92d20000 - 0x00007ffa92d72000 	C:\WINDOWS\System32\shlwapi.dll
0x00007ffa8f230000 - 0x00007ffa8f23f000 	C:\WINDOWS\System32\kernel.appcore.dll
0x00007ffa8f620000 - 0x00007ffa8f6c9000 	C:\WINDOWS\System32\shcore.dll
0x00007ffa8f200000 - 0x00007ffa8f214000 	C:\WINDOWS\System32\profapi.dll

VM Arguments:
jvm_args: -Dfile.encoding=windows-1251 -Duser.country=US -Duser.language=en -Duser.variant 
java_command: org.jacoco.examples.java.gradle.Main
java_class_path (initial): C:\my documents\NetBeansProjects\Neo4j_Java_SocialNetwork\build\classes\main;C:\my documents\NetBeansProjects\Neo4j_Java_SocialNetwork\build\resources\main;C:\Users\Никита\.gradle\caches\modules-2\files-2.1\com.fasterxml.jackson.core\jackson-core\2.4.1\b130bcfb5a9c410c3cbd2e0adec9437e69a39e2c\jackson-core-2.4.1.jar;C:\Users\Никита\.gradle\caches\modules-2\files-2.1\com.fasterxml.jackson.core\jackson-annotations\2.4.1\55605135bd7b836612e0bba7037c9669f6ccf89f\jackson-annotations-2.4.1.jar;C:\Users\Никита\.gradle\caches\modules-2\files-2.1\com.fasterxml.jackson.core\jackson-databind\2.4.1\f07c773f7b3a03c3801d405cadbdc93f7548e321\jackson-databind-2.4.1.jar;C:\Users\Никита\.gradle\caches\modules-2\files-2.1\org.json\json\20160810\aca5eb39e2a12fddd6c472b240afe9ebea3a6733\json-20160810.jar;C:\Users\Никита\.gradle\caches\modules-2\files-2.1\org.neo4j\neo4j\3.3.1\1cc47e5dda2a21818934a587fa37eadcbe6f9d53\neo4j-3.3.1.jar;C:\Users\Никита\.gradle\caches\modules-2\files-2.1\org.projectlombok\lombok\1.16.18\557d13dcb647038dc687390711ccb5c9b3ffbd60\lombok-1.16.18.jar;C:\Users\Никита\.gradle\caches\modules-2\files-2.1\org.slf4j\slf4j-nop\1.7.13\e94a615af59d53c573c3a19309daa4bda313e35a\slf4j-nop-1.7.13.jar;C:\Users\Никита\.gradle\caches\modules-2\files-2.1\org.neo4j\neo4j-kernel\3.3.1\934d9f7609b1c71d8759bc114ee30f124b80a8a5\neo4j-kernel-3.3.1.jar;C:\Users\Никита\.gradle\caches\modules-2\files-2.1\org.neo4j\neo4j-lucene-index\3.3.1\5557c77e9655760bb53f60c1612c7b545bf404ea\neo4j-lucene-index-3.3.1.jar;C:\Users\Никита\.gradle\caches\modules-2\files-2.1\org.neo4j\neo4j-graph-algo\3.3.1\3db50188e55cfe0d177987b668f5954b17cd9f55\neo4j-graph-algo-3.3.1.jar;C:\Users\Никита\.gradle\caches\modules-2\files-2.1\org.neo4j\neo4j-udc\3.3.1\787da124401f6aae955e54111f5f45bfa83d0247\neo4j-udc-3.3.1.jar;C:\Users\Никита\.gradle\caches\modules-2\files-2.1\org.neo4j\neo4j-cypher\3.3.1\1df0eda79ccfa36badf3bd9023d74753d600b271\neo4j-cypher-3.3.1.jar;C:\Users\Никита\.gradle\cache
Launcher Type: SUN_STANDARD

Environment Variables:
JAVA_HOME=C:\Program Files\Java\jdk1.8.0_144
JRE_HOME=C:\Program Files\Java\jre1.8.0_144
CLASSPATH=C:\jackson\jackson-all-1.9.0.jar
PATH=C:\ProgramData\Oracle\Java\javapath;C:\Program Files (x86)\NVIDIA Corporation\PhysX\Common;C:\WINDOWS\system32;C:\WINDOWS;C:\WINDOWS\System32\Wbem;C:\WINDOWS\System32\WindowsPowerShell\v1.0\;C:\Program Files (x86)\Toshiba\Bluetooth Toshiba Stack\sys\;C:\Program Files (x86)\Toshiba\Bluetooth Toshiba Stack\sys\x64\;C:\Program Files (x86)\Microsoft SQL Server\100\Tools\Binn\;C:\Program Files (x86)\Microsoft SQL Server\100\DTS\Binn\;C:\Program Files\Common Files\Autodesk Shared\;C:\Program Files (x86)\QuickTime\QTSystem\;C:\WINDOWS\system32\config\systemprofile\.dnx\bin;C:\Program Files\Microsoft DNX\Dnvm\;C:\Program Files\Microsoft SQL Server\Client SDK\ODBC\110\Tools\Binn\;C:\Program Files (x86)\Microsoft SQL Server\120\Tools\Binn\ManagementStudio\;C:\Program Files (x86)\Microsoft SQL Server\120\Tools\Binn\;C:\Program Files\Microsoft SQL Server\120\Tools\Binn\;C:\Program Files (x86)\Microsoft SQL Server\120\DTS\Binn\;C:\Program Files\Microsoft SQL Server\120\DTS\Binn\;C:\Program Files (x86)\Skype\Phone\;C:\Program Files\Java\jdk1.8.0_144bin;%JMETER_HOME%bin;C:\Program Files (x86)\Brackets\command;C:\Users\Никита\AppData\Local\Programs\Python\Python35-32\;C:\Users\Никита\AppData\Local\Programs\Python\Python35-32\Scripts;C:\Gradle\bin;C:\Program Files\Git\cmd;D:\eclipse\jboss-4.2.1.GA\bin;C:\Users\Никита\AppData\Local\Programs\Python\Python35-32\Scripts\;C:\Users\Никита\AppData\Local\Programs\Python\Python35-32\;C:\Users\Никита\AppData\Local\Microsoft\WindowsApps;C:\Program Files\Java\jdk1.8.0_144\bin;C:\Gradle\bin
USERNAME=Никита
OS=Windows_NT
PROCESSOR_IDENTIFIER=Intel64 Family 6 Model 23 Stepping 10, GenuineIntel



---------------  S Y S T E M  ---------------

OS: Windows 10.0 , 64 bit Build 14393 (10.0.14393.1198)

CPU:total 2 (initial active 2) (2 cores per cpu, 1 threads per core) family 6 model 23 stepping 10, cmov, cx8, fxsr, mmx, sse, sse2, sse3, ssse3, sse4.1, tsc

Memory: 4k page, physical 8352628k(1517528k free), swap 8352628k(5484k free)

vm_info: Java HotSpot(TM) 64-Bit Server VM (25.144-b01) for windows-amd64 JRE (1.8.0_144-b01), built on Jul 21 2017 21:57:33 by "java_re" with MS VC++ 10.0 (VS2010)

time: Mon Dec 04 12:52:15 2017
elapsed time: 14 seconds (0d 0h 0m 14s)

