#
# There is insufficient memory for the Java Runtime Environment to continue.
# Native memory allocation (malloc) failed to allocate 32744 bytes for ChunkPool::allocate
# Possible reasons:
#   The system is out of physical RAM or swap space
#   In 32 bit mode, the process size limit was hit
# Possible solutions:
#   Reduce memory load on the system
#   Increase physical memory or swap space
#   Check if swap backing store is full
#   Use 64 bit Java on a 64 bit OS
#   Decrease Java heap size (-Xmx/-Xms)
#   Decrease number of Java threads
#   Decrease Java thread stack sizes (-Xss)
#   Set larger code cache with -XX:ReservedCodeCacheSize=
# This output file may be truncated or incomplete.
#
#  Out of Memory Error (allocation.cpp:273), pid=5728, tid=0x0000000000002038
#
# JRE version: Java(TM) SE Runtime Environment (8.0_144-b01) (build 1.8.0_144-b01)
# Java VM: Java HotSpot(TM) 64-Bit Server VM (25.144-b01 mixed mode windows-amd64 compressed oops)
# Failed to write core dump. Minidumps are not enabled by default on client versions of Windows
#

---------------  T H R E A D  ---------------

Current thread (0x00000000176dd000):  JavaThread "C1 CompilerThread1" daemon [_thread_in_native, id=8248, stack(0x00000000188b0000,0x00000000189b0000)]

Stack: [0x00000000188b0000,0x00000000189b0000]
[error occurred during error reporting (printing stack bounds), id 0xc0000005]

Native frames: (J=compiled Java code, j=interpreted, Vv=VM code, C=native code)


Current CompileTask:
C1:   1203  104       3       sun.nio.cs.UTF_8$Decoder::decode (779 bytes)


---------------  P R O C E S S  ---------------

Java Threads: ( => current thread )
  0x00000000176e6000 JavaThread "Service Thread" daemon [_thread_blocked, id=9276, stack(0x00000000189b0000,0x0000000018ab0000)]
=>0x00000000176dd000 JavaThread "C1 CompilerThread1" daemon [_thread_in_native, id=8248, stack(0x00000000188b0000,0x00000000189b0000)]
  0x00000000176dc000 JavaThread "C2 CompilerThread0" daemon [_thread_blocked, id=7044, stack(0x00000000187b0000,0x00000000188b0000)]
  0x00000000176d9000 JavaThread "Attach Listener" daemon [_thread_blocked, id=4972, stack(0x00000000186b0000,0x00000000187b0000)]
  0x00000000176cd000 JavaThread "Signal Dispatcher" daemon [_thread_blocked, id=8416, stack(0x00000000185b0000,0x00000000186b0000)]
  0x0000000017648800 JavaThread "Finalizer" daemon [_thread_blocked, id=3144, stack(0x0000000018290000,0x0000000018390000)]
  0x0000000002bbe800 JavaThread "Reference Handler" daemon [_thread_blocked, id=2260, stack(0x0000000018190000,0x0000000018290000)]
  0x0000000002c7e800 JavaThread "main" [_thread_in_native, id=9172, stack(0x0000000002950000,0x0000000002a50000)]

Other Threads:
  0x0000000017625800 VMThread [stack: 0x0000000018090000,0x0000000018190000] [id=11220]
  0x0000000018b2b800 WatcherThread [stack: 0x0000000018eb0000,0x0000000018fb0000] [id=768]

VM state:not at safepoint (normal execution)

VM Mutex/Monitor currently owned by a thread: None

Heap:
 PSYoungGen      total 38400K, used 3604K [0x00000000d5580000, 0x00000000d8000000, 0x0000000100000000)
  eden space 33280K, 10% used [0x00000000d5580000,0x00000000d59053c8,0x00000000d7600000)
  from space 5120K, 0% used [0x00000000d7b00000,0x00000000d7b00000,0x00000000d8000000)
  to   space 5120K, 0% used [0x00000000d7600000,0x00000000d7600000,0x00000000d7b00000)
 ParOldGen       total 87552K, used 0K [0x0000000080000000, 0x0000000085580000, 0x00000000d5580000)
  object space 87552K, 0% used [0x0000000080000000,0x0000000080000000,0x0000000085580000)
 Metaspace       used 3532K, capacity 4600K, committed 4864K, reserved 1056768K
  class space    used 392K, capacity 424K, committed 512K, reserved 1048576K

Card table byte_map: [0x0000000012040000,0x0000000012450000] byte_map_base: 0x0000000011c40000

Marking Bits: (ParMarkBitMap*) 0x000000007783d850
 Begin Bits: [0x0000000012900000, 0x0000000014900000)
 End Bits:   [0x0000000014900000, 0x0000000016900000)

Polling page: 0x0000000000d70000

CodeCache: size=245760Kb used=1279Kb max_used=1290Kb free=244480Kb
 bounds [0x0000000002c80000, 0x0000000002ef0000, 0x0000000011c80000]
 total_blobs=347 nmethods=105 adapters=157
 compilation: enabled

Compilation events (10 events):
Event: 1.135 Thread 0x00000000176dd000  100       1       java.util.zip.ZipFile::access$000 (5 bytes)
Event: 1.135 Thread 0x00000000176dd000 nmethod 100 0x0000000002dc1810 code [0x0000000002dc1960, 0x0000000002dc1a50]
Event: 1.136 Thread 0x00000000176dd000  101       3       java.lang.AbstractStringBuilder::<init> (12 bytes)
Event: 1.136 Thread 0x00000000176dd000 nmethod 101 0x0000000002dc1390 code [0x0000000002dc1500, 0x0000000002dc1750]
Event: 1.138 Thread 0x00000000176dd000  102       1       java.io.File::getPath (5 bytes)
Event: 1.139 Thread 0x00000000176dd000 nmethod 102 0x0000000002dc10d0 code [0x0000000002dc1220, 0x0000000002dc1330]
Event: 1.140 Thread 0x00000000176dd000  103       3       sun.nio.cs.UTF_8$Encoder::encode (359 bytes)
Event: 1.144 Thread 0x00000000176dd000 nmethod 103 0x0000000002dbfd50 code [0x0000000002dbff40, 0x0000000002dc0a58]
Event: 1.145 Thread 0x00000000176dc000 nmethod 99 0x0000000002dbded0 code [0x0000000002dbe020, 0x0000000002dbe588]
Event: 1.150 Thread 0x00000000176dd000  104       3       sun.nio.cs.UTF_8$Decoder::decode (779 bytes)

GC Heap History (0 events):
No events

Deoptimization events (0 events):
No events

Internal exceptions (3 events):
Event: 0.181 Thread 0x0000000002c7e800 Exception <a 'java/lang/NoSuchMethodError': Method sun.misc.Unsafe.defineClass(Ljava/lang/String;[BII)Ljava/lang/Class; name or signature does not match> (0x00000000d5587ca8) thrown at [C:\re\workspace\8-2-build-windows-amd64-cygwin\jdk8u144\9417\hotspot\
Event: 0.181 Thread 0x0000000002c7e800 Exception <a 'java/lang/NoSuchMethodError': Method sun.misc.Unsafe.prefetchRead(Ljava/lang/Object;J)V name or signature does not match> (0x00000000d5587f90) thrown at [C:\re\workspace\8-2-build-windows-amd64-cygwin\jdk8u144\9417\hotspot\src\share\vm\prims
Event: 0.868 Thread 0x0000000002c7e800 Exception <a 'java/io/FileNotFoundException'> (0x00000000d56257c8) thrown at [C:\re\workspace\8-2-build-windows-amd64-cygwin\jdk8u144\9417\hotspot\src\share\vm\prims\jni.cpp, line 709]

Events (10 events):
Event: 1.078 loading class java/util/zip/Checksum done
Event: 1.078 loading class java/util/zip/CRC32 done
Event: 1.078 loading class java/util/zip/ZipUtils
Event: 1.079 loading class java/util/zip/ZipUtils done
Event: 1.092 loading class org/gradle/process/internal/child/SystemApplicationClassLoaderWorker
Event: 1.092 loading class org/gradle/process/internal/child/SystemApplicationClassLoaderWorker done
Event: 1.092 loading class java/util/HashMap$KeySet
Event: 1.092 loading class java/util/HashMap$KeySet done
Event: 1.093 loading class java/util/HashMap$KeyIterator
Event: 1.093 loading class java/util/HashMap$KeyIterator done


Dynamic libraries:
0x00007ff6130e0000 - 0x00007ff613117000 	C:\Program Files\Java\jdk1.8.0_144\bin\java.exe
0x00007ffa92db0000 - 0x00007ffa92f82000 	C:\WINDOWS\SYSTEM32\ntdll.dll
0x00007ffa92190000 - 0x00007ffa9223c000 	C:\WINDOWS\System32\KERNEL32.DLL
0x00007ffa90100000 - 0x00007ffa9031d000 	C:\WINDOWS\System32\KERNELBASE.dll
0x00007ffa90320000 - 0x00007ffa903c2000 	C:\WINDOWS\System32\ADVAPI32.dll
0x00007ffa90700000 - 0x00007ffa9079e000 	C:\WINDOWS\System32\msvcrt.dll
0x00007ffa92130000 - 0x00007ffa92189000 	C:\WINDOWS\System32\sechost.dll
0x00007ffa92280000 - 0x00007ffa923a1000 	C:\WINDOWS\System32\RPCRT4.dll
0x00007ffa92bb0000 - 0x00007ffa92d15000 	C:\WINDOWS\System32\USER32.dll
0x00007ffa90040000 - 0x00007ffa9005e000 	C:\WINDOWS\System32\win32u.dll
0x00007ffa92240000 - 0x00007ffa92274000 	C:\WINDOWS\System32\GDI32.dll
0x00007ffa8fec0000 - 0x00007ffa90040000 	C:\WINDOWS\System32\gdi32full.dll
0x00007ffa86200000 - 0x00007ffa8647a000 	C:\WINDOWS\WinSxS\amd64_microsoft.windows.common-controls_6595b64144ccf1df_6.0.14393.953_none_42151e83c686086b\COMCTL32.dll
0x00007ffa923b0000 - 0x00007ffa92678000 	C:\WINDOWS\System32\combase.dll
0x00007ffa8f290000 - 0x00007ffa8f385000 	C:\WINDOWS\System32\ucrtbase.dll
0x00007ffa8f560000 - 0x00007ffa8f5ca000 	C:\WINDOWS\System32\bcryptPrimitives.dll
0x00007ffa92d80000 - 0x00007ffa92dae000 	C:\WINDOWS\System32\IMM32.DLL
0x0000000076f40000 - 0x0000000077012000 	C:\Program Files\Java\jdk1.8.0_144\jre\bin\msvcr100.dll
0x0000000077020000 - 0x00000000778bd000 	C:\Program Files\Java\jdk1.8.0_144\jre\bin\server\jvm.dll
0x00007ffa903d0000 - 0x00007ffa903d8000 	C:\WINDOWS\System32\PSAPI.DLL
0x00007ffa83000000 - 0x00007ffa83009000 	C:\WINDOWS\SYSTEM32\WSOCK32.dll
0x00007ffa8d810000 - 0x00007ffa8d833000 	C:\WINDOWS\SYSTEM32\WINMM.dll
0x00007ffa90670000 - 0x00007ffa906da000 	C:\WINDOWS\System32\WS2_32.dll
0x00007ffa8b290000 - 0x00007ffa8b29a000 	C:\WINDOWS\SYSTEM32\VERSION.dll
0x00007ffa8d7b0000 - 0x00007ffa8d7db000 	C:\WINDOWS\SYSTEM32\WINMMBASE.dll
0x00007ffa8f5d0000 - 0x00007ffa8f612000 	C:\WINDOWS\System32\cfgmgr32.dll
0x0000000050000000 - 0x000000005000f000 	C:\Program Files\Java\jdk1.8.0_144\jre\bin\verify.dll
0x0000000077b60000 - 0x0000000077b89000 	C:\Program Files\Java\jdk1.8.0_144\jre\bin\java.dll
0x0000000077b40000 - 0x0000000077b56000 	C:\Program Files\Java\jdk1.8.0_144\jre\bin\zip.dll
0x00007ffa907a0000 - 0x00007ffa91ca8000 	C:\WINDOWS\System32\SHELL32.dll
0x00007ffa8f7e0000 - 0x00007ffa8feb8000 	C:\WINDOWS\System32\windows.storage.dll
0x00007ffa8f240000 - 0x00007ffa8f28c000 	C:\WINDOWS\System32\powrprof.dll
0x00007ffa92d20000 - 0x00007ffa92d72000 	C:\WINDOWS\System32\shlwapi.dll
0x00007ffa8f230000 - 0x00007ffa8f23f000 	C:\WINDOWS\System32\kernel.appcore.dll
0x00007ffa8f620000 - 0x00007ffa8f6c9000 	C:\WINDOWS\System32\shcore.dll
0x00007ffa8f200000 - 0x00007ffa8f214000 	C:\WINDOWS\System32\profapi.dll

VM Arguments:
jvm_args: -Djava.security.manager=jarjar.org.gradle.process.internal.child.BootstrapSecurityManager -Xmx2048m -Dfile.encoding=windows-1251 -Duser.country=US -Duser.language=en -Duser.variant 
java_command: jarjar.org.gradle.process.internal.launcher.GradleWorkerMain 'Gradle Compiler Daemon 1'
java_class_path (initial): C:\Users\Никита\.gradle\caches\2.13\workerMain\gradle-worker.jar
Launcher Type: SUN_STANDARD

Environment Variables:



---------------  S Y S T E M  ---------------

OS: Windows 10.0 , 64 bit Build 14393 (10.0.14393.1198)

CPU:total 2 (initial active 2) (2 cores per cpu, 1 threads per core) family 6 model 23 stepping 10, cmov, cx8, fxsr, mmx, sse, sse2, sse3, ssse3, sse4.1, tsc

Memory: 4k page, physical 8352628k(1719432k free), swap 8352628k(4040k free)

vm_info: Java HotSpot(TM) 64-Bit Server VM (25.144-b01) for windows-amd64 JRE (1.8.0_144-b01), built on Jul 21 2017 21:57:33 by "java_re" with MS VC++ 10.0 (VS2010)

time: Mon Dec 04 13:22:09 2017
elapsed time: 1 seconds (0d 0h 0m 1s)

