#
# There is insufficient memory for the Java Runtime Environment to continue.
# Native memory allocation (malloc) failed to allocate 245936 bytes for Chunk::new
# Possible reasons:
#   The system is out of physical RAM or swap space
#   In 32 bit mode, the process size limit was hit
# Possible solutions:
#   Reduce memory load on the system
#   Increase physical memory or swap space
#   Check if swap backing store is full
#   Use 64 bit Java on a 64 bit OS
#   Decrease Java heap size (-Xmx/-Xms)
#   Decrease number of Java threads
#   Decrease Java thread stack sizes (-Xss)
#   Set larger code cache with -XX:ReservedCodeCacheSize=
# This output file may be truncated or incomplete.
#
#  Out of Memory Error (allocation.cpp:390), pid=10816, tid=0x0000000000001fa0
#
# JRE version: Java(TM) SE Runtime Environment (8.0_144-b01) (build 1.8.0_144-b01)
# Java VM: Java HotSpot(TM) 64-Bit Server VM (25.144-b01 mixed mode windows-amd64 compressed oops)
# Failed to write core dump. Minidumps are not enabled by default on client versions of Windows
#

---------------  T H R E A D  ---------------

Current thread (0x00000000172f3800):  JavaThread "C2 CompilerThread0" daemon [_thread_in_native, id=8096, stack(0x0000000018310000,0x0000000018410000)]

Stack: [0x0000000018310000,0x0000000018410000]
[error occurred during error reporting (printing stack bounds), id 0xc0000005]

Native frames: (J=compiled Java code, j=interpreted, Vv=VM code, C=native code)


Current CompileTask:
C2:   7636 2036       4       java.util.regex.Pattern$Curly::match (86 bytes)


---------------  P R O C E S S  ---------------

Java Threads: ( => current thread )
  0x0000000019402000 JavaThread "neo4j.PauseMonitor" daemon [_thread_blocked, id=9864, stack(0x000000001c590000,0x000000001c690000)]
  0x00000000191ea800 JavaThread "neo4j.FileWatcher-1" daemon [_thread_blocked, id=11196, stack(0x000000001c490000,0x000000001c590000)]
  0x0000000019811800 JavaThread "neo4j.Scheduled-2" daemon [_thread_blocked, id=1704, stack(0x000000001bf90000,0x000000001c090000)]
  0x000000001980b000 JavaThread "neo4j.Pooled-1" daemon [_thread_blocked, id=8732, stack(0x000000001be90000,0x000000001bf90000)]
  0x0000000019649800 JavaThread "MuninnPageCache[1]-EvictionTask" daemon [_thread_blocked, id=2524, stack(0x000000001bb90000,0x000000001bc90000)]
  0x00000000195a3000 JavaThread "neo4j.Scheduled-1" daemon [_thread_blocked, id=10420, stack(0x000000001ba90000,0x000000001bb90000)]
  0x00000000195c6800 JavaThread "Neo4j UDC Timer" daemon [_thread_blocked, id=6160, stack(0x000000001b790000,0x000000001b890000)]
  0x0000000018f3f000 JavaThread "Thread-0" daemon [_thread_in_native, id=11028, stack(0x000000001af50000,0x000000001b050000)]
  0x000000001736d000 JavaThread "Service Thread" daemon [_thread_blocked, id=2232, stack(0x0000000018510000,0x0000000018610000)]
  0x00000000172f6000 JavaThread "C1 CompilerThread1" daemon [_thread_blocked, id=9476, stack(0x0000000018410000,0x0000000018510000)]
=>0x00000000172f3800 JavaThread "C2 CompilerThread0" daemon [_thread_in_native, id=8096, stack(0x0000000018310000,0x0000000018410000)]
  0x00000000172f1000 JavaThread "Attach Listener" daemon [_thread_blocked, id=1880, stack(0x0000000018210000,0x0000000018310000)]
  0x00000000172eb800 JavaThread "Signal Dispatcher" daemon [_thread_blocked, id=10884, stack(0x0000000018110000,0x0000000018210000)]
  0x00000000172d8800 JavaThread "Finalizer" daemon [_thread_blocked, id=5632, stack(0x0000000017f20000,0x0000000018020000)]
  0x0000000002953000 JavaThread "Reference Handler" daemon [_thread_blocked, id=216, stack(0x0000000017e20000,0x0000000017f20000)]
  0x0000000002866800 JavaThread "main" [_thread_in_vm, id=7736, stack(0x0000000002760000,0x0000000002860000)]

Other Threads:
  0x00000000172b6000 VMThread [stack: 0x0000000017d20000,0x0000000017e20000] [id=6604]
  0x000000001738c800 WatcherThread [stack: 0x0000000018a10000,0x0000000018b10000] [id=6456]

VM state:not at safepoint (normal execution)

VM Mutex/Monitor currently owned by a thread: None

Heap:
 PSYoungGen      total 38400K, used 28525K [0x00000000d5800000, 0x00000000da300000, 0x0000000100000000)
  eden space 33280K, 85% used [0x00000000d5800000,0x00000000d73db748,0x00000000d7880000)
  from space 5120K, 0% used [0x00000000d7d80000,0x00000000d7d80000,0x00000000d8280000)
  to   space 5120K, 0% used [0x00000000d7880000,0x00000000d7880000,0x00000000d7d80000)
 ParOldGen       total 72192K, used 15683K [0x0000000080800000, 0x0000000084e80000, 0x00000000d5800000)
  object space 72192K, 21% used [0x0000000080800000,0x0000000081750dd8,0x0000000084e80000)
 Metaspace       used 23538K, capacity 24314K, committed 24576K, reserved 1069056K
  class space    used 4083K, capacity 4281K, committed 4352K, reserved 1048576K

Card table byte_map: [0x0000000011d20000,0x0000000012120000] byte_map_base: 0x000000001191c000

Marking Bits: (ParMarkBitMap*) 0x000000007783d850
 Begin Bits: [0x00000000125d0000, 0x00000000145b0000)
 End Bits:   [0x00000000145b0000, 0x0000000016590000)

Polling page: 0x00000000008d0000

CodeCache: size=245760Kb used=6649Kb max_used=6649Kb free=239110Kb
 bounds [0x0000000002960000, 0x0000000002ff0000, 0x0000000011960000]
 total_blobs=2565 nmethods=2040 adapters=438
 compilation: disabled (not enough contiguous free space left)

Compilation events (10 events):
Event: 7.598 Thread 0x00000000172f6000 nmethod 2039 0x0000000002fdf090 code [0x0000000002fdf1e0, 0x0000000002fdf310]
Event: 7.598 Thread 0x00000000172f6000 2040       3       java.util.concurrent.locks.ReentrantReadWriteLock$FairSync::readerShouldBlock (5 bytes)
Event: 7.599 Thread 0x00000000172f6000 nmethod 2040 0x0000000002fdf390 code [0x0000000002fdf500, 0x0000000002fdf708]
Event: 7.599 Thread 0x00000000172f6000 2041       3       java.util.concurrent.locks.ReentrantReadWriteLock$ReadLock::unlock (10 bytes)
Event: 7.599 Thread 0x00000000172f6000 nmethod 2041 0x0000000002fdf790 code [0x0000000002fdf920, 0x0000000002fdfc98]
Event: 7.601 Thread 0x00000000172f6000 2042       1       sun.util.calendar.CalendarDate::getYear (5 bytes)
Event: 7.601 Thread 0x00000000172f6000 nmethod 2042 0x0000000002fdfdd0 code [0x0000000002fdff20, 0x0000000002fe0030]
Event: 7.609 Thread 0x00000000172f6000 2043       3       java.util.Calendar::getBaseStyle (5 bytes)
Event: 7.609 Thread 0x00000000172f6000 nmethod 2043 0x0000000002fe0090 code [0x0000000002fe01e0, 0x0000000002fe0330]
Event: 7.609 Thread 0x00000000172f6000 2044       3       java.text.SimpleDateFormat::subFormat (1260 bytes)

GC Heap History (10 events):
Event: 2.148 GC heap before
{Heap before GC invocations=1 (full 0):
 PSYoungGen      total 38400K, used 33280K [0x00000000d5800000, 0x00000000d8280000, 0x0000000100000000)
  eden space 33280K, 100% used [0x00000000d5800000,0x00000000d7880000,0x00000000d7880000)
  from space 5120K, 0% used [0x00000000d7d80000,0x00000000d7d80000,0x00000000d8280000)
  to   space 5120K, 0% used [0x00000000d7880000,0x00000000d7880000,0x00000000d7d80000)
 ParOldGen       total 87552K, used 0K [0x0000000080800000, 0x0000000085d80000, 0x00000000d5800000)
  object space 87552K, 0% used [0x0000000080800000,0x0000000080800000,0x0000000085d80000)
 Metaspace       used 9998K, capacity 10332K, committed 10624K, reserved 1058816K
  class space    used 1209K, capacity 1324K, committed 1408K, reserved 1048576K
Event: 2.167 GC heap after
Heap after GC invocations=1 (full 0):
 PSYoungGen      total 38400K, used 5110K [0x00000000d5800000, 0x00000000d8280000, 0x0000000100000000)
  eden space 33280K, 0% used [0x00000000d5800000,0x00000000d5800000,0x00000000d7880000)
  from space 5120K, 99% used [0x00000000d7880000,0x00000000d7d7d9f0,0x00000000d7d80000)
  to   space 5120K, 0% used [0x00000000d7d80000,0x00000000d7d80000,0x00000000d8280000)
 ParOldGen       total 87552K, used 2298K [0x0000000080800000, 0x0000000085d80000, 0x00000000d5800000)
  object space 87552K, 2% used [0x0000000080800000,0x0000000080a3e900,0x0000000085d80000)
 Metaspace       used 9998K, capacity 10332K, committed 10624K, reserved 1058816K
  class space    used 1209K, capacity 1324K, committed 1408K, reserved 1048576K
}
Event: 4.180 GC heap before
{Heap before GC invocations=2 (full 0):
 PSYoungGen      total 38400K, used 38390K [0x00000000d5800000, 0x00000000d8280000, 0x0000000100000000)
  eden space 33280K, 100% used [0x00000000d5800000,0x00000000d7880000,0x00000000d7880000)
  from space 5120K, 99% used [0x00000000d7880000,0x00000000d7d7d9f0,0x00000000d7d80000)
  to   space 5120K, 0% used [0x00000000d7d80000,0x00000000d7d80000,0x00000000d8280000)
 ParOldGen       total 87552K, used 2298K [0x0000000080800000, 0x0000000085d80000, 0x00000000d5800000)
  object space 87552K, 2% used [0x0000000080800000,0x0000000080a3e900,0x0000000085d80000)
 Metaspace       used 14265K, capacity 14884K, committed 15104K, reserved 1062912K
  class space    used 1879K, capacity 2040K, committed 2048K, reserved 1048576K
Event: 4.201 GC heap after
Heap after GC invocations=2 (full 0):
 PSYoungGen      total 38400K, used 5106K [0x00000000d5800000, 0x00000000d8280000, 0x0000000100000000)
  eden space 33280K, 0% used [0x00000000d5800000,0x00000000d5800000,0x00000000d7880000)
  from space 5120K, 99% used [0x00000000d7d80000,0x00000000d827c8c8,0x00000000d8280000)
  to   space 5120K, 0% used [0x00000000d7880000,0x00000000d7880000,0x00000000d7d80000)
 ParOldGen       total 87552K, used 5580K [0x0000000080800000, 0x0000000085d80000, 0x00000000d5800000)
  object space 87552K, 6% used [0x0000000080800000,0x0000000080d73128,0x0000000085d80000)
 Metaspace       used 14265K, capacity 14884K, committed 15104K, reserved 1062912K
  class space    used 1879K, capacity 2040K, committed 2048K, reserved 1048576K
}
Event: 5.270 GC heap before
{Heap before GC invocations=3 (full 0):
 PSYoungGen      total 38400K, used 38386K [0x00000000d5800000, 0x00000000d8280000, 0x0000000100000000)
  eden space 33280K, 100% used [0x00000000d5800000,0x00000000d7880000,0x00000000d7880000)
  from space 5120K, 99% used [0x00000000d7d80000,0x00000000d827c8c8,0x00000000d8280000)
  to   space 5120K, 0% used [0x00000000d7880000,0x00000000d7880000,0x00000000d7d80000)
 ParOldGen       total 87552K, used 5580K [0x0000000080800000, 0x0000000085d80000, 0x00000000d5800000)
  object space 87552K, 6% used [0x0000000080800000,0x0000000080d73128,0x0000000085d80000)
 Metaspace       used 18950K, capacity 19746K, committed 19840K, reserved 1067008K
  class space    used 2670K, capacity 2865K, committed 2944K, reserved 1048576K
Event: 5.296 GC heap after
Heap after GC invocations=3 (full 0):
 PSYoungGen      total 38400K, used 5108K [0x00000000d5800000, 0x00000000d8280000, 0x0000000100000000)
  eden space 33280K, 0% used [0x00000000d5800000,0x00000000d5800000,0x00000000d7880000)
  from space 5120K, 99% used [0x00000000d7880000,0x00000000d7d7d398,0x00000000d7d80000)
  to   space 5120K, 0% used [0x00000000d7d80000,0x00000000d7d80000,0x00000000d8280000)
 ParOldGen       total 87552K, used 11728K [0x0000000080800000, 0x0000000085d80000, 0x00000000d5800000)
  object space 87552K, 13% used [0x0000000080800000,0x0000000081374260,0x0000000085d80000)
 Metaspace       used 18950K, capacity 19746K, committed 19840K, reserved 1067008K
  class space    used 2670K, capacity 2865K, committed 2944K, reserved 1048576K
}
Event: 5.511 GC heap before
{Heap before GC invocations=4 (full 0):
 PSYoungGen      total 38400K, used 13071K [0x00000000d5800000, 0x00000000d8280000, 0x0000000100000000)
  eden space 33280K, 23% used [0x00000000d5800000,0x00000000d5fc69c8,0x00000000d7880000)
  from space 5120K, 99% used [0x00000000d7880000,0x00000000d7d7d398,0x00000000d7d80000)
  to   space 5120K, 0% used [0x00000000d7d80000,0x00000000d7d80000,0x00000000d8280000)
 ParOldGen       total 87552K, used 11728K [0x0000000080800000, 0x0000000085d80000, 0x00000000d5800000)
  object space 87552K, 13% used [0x0000000080800000,0x0000000081374260,0x0000000085d80000)
 Metaspace       used 20374K, capacity 21158K, committed 21296K, reserved 1067008K
  class space    used 2926K, capacity 3123K, committed 3200K, reserved 1048576K
Event: 5.526 GC heap after
Heap after GC invocations=4 (full 0):
 PSYoungGen      total 38400K, used 5116K [0x00000000d5800000, 0x00000000da300000, 0x0000000100000000)
  eden space 33280K, 0% used [0x00000000d5800000,0x00000000d5800000,0x00000000d7880000)
  from space 5120K, 99% used [0x00000000d7d80000,0x00000000d827f368,0x00000000d8280000)
  to   space 5120K, 0% used [0x00000000d7880000,0x00000000d7880000,0x00000000d7d80000)
 ParOldGen       total 87552K, used 13043K [0x0000000080800000, 0x0000000085d80000, 0x00000000d5800000)
  object space 87552K, 14% used [0x0000000080800000,0x00000000814bce48,0x0000000085d80000)
 Metaspace       used 20374K, capacity 21158K, committed 21296K, reserved 1067008K
  class space    used 2926K, capacity 3123K, committed 3200K, reserved 1048576K
}
Event: 5.526 GC heap before
{Heap before GC invocations=5 (full 1):
 PSYoungGen      total 38400K, used 5116K [0x00000000d5800000, 0x00000000da300000, 0x0000000100000000)
  eden space 33280K, 0% used [0x00000000d5800000,0x00000000d5800000,0x00000000d7880000)
  from space 5120K, 99% used [0x00000000d7d80000,0x00000000d827f368,0x00000000d8280000)
  to   space 5120K, 0% used [0x00000000d7880000,0x00000000d7880000,0x00000000d7d80000)
 ParOldGen       total 87552K, used 13043K [0x0000000080800000, 0x0000000085d80000, 0x00000000d5800000)
  object space 87552K, 14% used [0x0000000080800000,0x00000000814bce48,0x0000000085d80000)
 Metaspace       used 20374K, capacity 21158K, committed 21296K, reserved 1067008K
  class space    used 2926K, capacity 3123K, committed 3200K, reserved 1048576K
Event: 5.661 GC heap after
Heap after GC invocations=5 (full 1):
 PSYoungGen      total 38400K, used 0K [0x00000000d5800000, 0x00000000da300000, 0x0000000100000000)
  eden space 33280K, 0% used [0x00000000d5800000,0x00000000d5800000,0x00000000d7880000)
  from space 5120K, 0% used [0x00000000d7d80000,0x00000000d7d80000,0x00000000d8280000)
  to   space 5120K, 0% used [0x00000000d7880000,0x00000000d7880000,0x00000000d7d80000)
 ParOldGen       total 72192K, used 15683K [0x0000000080800000, 0x0000000084e80000, 0x00000000d5800000)
  object space 72192K, 21% used [0x0000000080800000,0x0000000081750dd8,0x0000000084e80000)
 Metaspace       used 20374K, capacity 21158K, committed 21296K, reserved 1067008K
  class space    used 2926K, capacity 3123K, committed 3200K, reserved 1048576K
}

Deoptimization events (10 events):
Event: 2.835 Thread 0x0000000002866800 Uncommon trap: reason=class_check action=maybe_recompile pc=0x0000000002d40060 method=java.util.HashMap.putVal(ILjava/lang/Object;Ljava/lang/Object;ZZ)Ljava/lang/Object; @ 253
Event: 3.113 Thread 0x0000000002866800 Uncommon trap: reason=range_check action=make_not_entrant pc=0x0000000002b9d2e0 method=sun.reflect.generics.parser.SignatureParser.current()C @ 34
Event: 3.153 Thread 0x0000000002866800 Uncommon trap: reason=unstable_if action=reinterpret pc=0x0000000002d72678 method=jdk.internal.org.objectweb.asm.Type.getArgumentsAndReturnSizes(Ljava/lang/String;)I @ 41
Event: 3.572 Thread 0x0000000002866800 Uncommon trap: reason=unstable_if action=reinterpret pc=0x0000000002c5aa20 method=java.io.WinNTFileSystem.normalize(Ljava/lang/String;)Ljava/lang/String; @ 128
Event: 4.283 Thread 0x0000000002866800 Uncommon trap: reason=unstable_if action=reinterpret pc=0x0000000002d03508 method=java.lang.ThreadLocal$ThreadLocalMap.getEntry(Ljava/lang/ThreadLocal;)Ljava/lang/ThreadLocal$ThreadLocalMap$Entry; @ 29
Event: 4.284 Thread 0x0000000002866800 Uncommon trap: reason=unstable_if action=reinterpret pc=0x0000000002d0551c method=java.lang.ThreadLocal$ThreadLocalMap.getEntry(Ljava/lang/ThreadLocal;)Ljava/lang/ThreadLocal$ThreadLocalMap$Entry; @ 29
Event: 4.333 Thread 0x0000000002866800 Uncommon trap: reason=unstable_if action=reinterpret pc=0x0000000002d08f64 method=java.lang.ref.SoftReference.get()Ljava/lang/Object; @ 17
Event: 4.365 Thread 0x0000000002866800 Uncommon trap: reason=uninitialized action=reinterpret pc=0x0000000002f3b524 method=org.neo4j.kernel.impl.transaction.log.ReadAheadChannel.ensureDataExists(I)V @ 115
Event: 5.039 Thread 0x0000000002866800 Uncommon trap: reason=unstable_if action=reinterpret pc=0x0000000002d04cb4 method=java.util.jar.Manifest$FastInputStream.peek()B @ 23
Event: 7.512 Thread 0x0000000002866800 Uncommon trap: reason=unstable_if action=reinterpret pc=0x0000000002c6e798 method=java.io.DataInputStream.readUTF(Ljava/io/DataInput;)Ljava/lang/String; @ 31

Internal exceptions (10 events):
Event: 3.115 Thread 0x0000000002866800 Exception <a 'java/lang/ArrayIndexOutOfBoundsException': 18> (0x00000000d6d9ace8) thrown at [C:\re\workspace\8-2-build-windows-amd64-cygwin\jdk8u144\9417\hotspot\src\share\vm\interpreter\interpreterRuntime.cpp, line 366]
Event: 3.116 Thread 0x0000000002866800 Exception <a 'java/lang/ArrayIndexOutOfBoundsException': 104> (0x00000000d6d9c360) thrown at [C:\re\workspace\8-2-build-windows-amd64-cygwin\jdk8u144\9417\hotspot\src\share\vm\interpreter\interpreterRuntime.cpp, line 366]
Event: 3.220 Thread 0x0000000002866800 Exception <a 'java/lang/NoSuchMethodError': java.lang.Object.lambda$comparing$77a9974f$1(Ljava/util/function/Function;Ljava/lang/Object;Ljava/lang/Object;)I> (0x00000000d6f8d088) thrown at [C:\re\workspace\8-2-build-windows-amd64-cygwin\jdk8u144\9417\hots
Event: 3.312 Thread 0x0000000002866800 Exception <a 'java/lang/NoSuchMethodError': java.lang.Object.lambda$isEqual$3(Ljava/lang/Object;Ljava/lang/Object;)Z> (0x00000000d71bae08) thrown at [C:\re\workspace\8-2-build-windows-amd64-cygwin\jdk8u144\9417\hotspot\src\share\vm\interpreter\linkResolve
Event: 3.428 Thread 0x0000000002866800 Exception <a 'java/lang/IllegalArgumentException': object is not an instance of declaring class> (0x00000000d73736c0) thrown at [C:\re\workspace\8-2-build-windows-amd64-cygwin\jdk8u144\9417\hotspot\src\share\vm\runtime\reflection.cpp, line 926]
Event: 3.428 Thread 0x0000000002866800 Exception <a 'java/lang/IllegalArgumentException': object is not an instance of declaring class> (0x00000000d73739f0) thrown at [C:\re\workspace\8-2-build-windows-amd64-cygwin\jdk8u144\9417\hotspot\src\share\vm\runtime\reflection.cpp, line 926]
Event: 4.289 Thread 0x0000000002866800 Exception <a 'java/lang/NoSuchMethodError': java.lang.Object.lambda$static$0(Lorg/neo4j/kernel/impl/transaction/log/LogVersionedStoreChannel;)Lorg/neo4j/kernel/impl/transaction/log/LogVersionedStoreChannel;> (0x00000000d5afe588) thrown at [C:\re\workspace
Event: 4.726 Thread 0x0000000002866800 Exception <a 'java/lang/NoSuchMethodError': java.lang.Object.lambda$comparingLong$6043328a$1(Ljava/util/function/ToLongFunction;Ljava/lang/Object;Ljava/lang/Object;)I> (0x00000000d67ad900) thrown at [C:\re\workspace\8-2-build-windows-amd64-cygwin\jdk8u144
Event: 5.024 Thread 0x0000000002866800 Exception <a 'java/lang/NoSuchMethodError': java.lang.Object.lambda$comparingInt$7b0bb60$1(Ljava/util/function/ToIntFunction;Ljava/lang/Object;Ljava/lang/Object;)I> (0x00000000d703d960) thrown at [C:\re\workspace\8-2-build-windows-amd64-cygwin\jdk8u144\94
Event: 5.406 Thread 0x0000000002866800 Exception <a 'java/lang/NoSuchMethodError': java.lang.Object.lambda$static$0()J> (0x00000000d5c241d8) thrown at [C:\re\workspace\8-2-build-windows-amd64-cygwin\jdk8u144\9417\hotspot\src\share\vm\interpreter\linkResolver.cpp, line 582]

Events (10 events):
Event: 7.524 loading class org/neo4j/kernel/internal/KernelDiagnostics$StoreFiles$MappedFileCounter
Event: 7.524 loading class org/neo4j/kernel/internal/KernelDiagnostics$StoreFiles$MappedFileCounter done
Event: 7.528 loading class java/text/DontCareFieldPosition
Event: 7.528 loading class java/text/DontCareFieldPosition done
Event: 7.529 loading class java/text/DontCareFieldPosition$1
Event: 7.529 loading class java/text/Format$FieldDelegate
Event: 7.529 loading class java/text/Format$FieldDelegate done
Event: 7.529 loading class java/text/DontCareFieldPosition$1 done
Event: 7.534 loading class org/neo4j/kernel/impl/store/StoreType
Event: 7.534 loading class org/neo4j/kernel/impl/store/StoreType done


Dynamic libraries:
0x00007ff6130e0000 - 0x00007ff613117000 	C:\Program Files\Java\jdk1.8.0_144\bin\java.exe
0x00007ffa92db0000 - 0x00007ffa92f82000 	C:\WINDOWS\SYSTEM32\ntdll.dll
0x00007ffa92190000 - 0x00007ffa9223c000 	C:\WINDOWS\System32\KERNEL32.DLL
0x00007ffa90100000 - 0x00007ffa9031d000 	C:\WINDOWS\System32\KERNELBASE.dll
0x00007ffa90320000 - 0x00007ffa903c2000 	C:\WINDOWS\System32\ADVAPI32.dll
0x00007ffa90700000 - 0x00007ffa9079e000 	C:\WINDOWS\System32\msvcrt.dll
0x00007ffa92130000 - 0x00007ffa92189000 	C:\WINDOWS\System32\sechost.dll
0x00007ffa92280000 - 0x00007ffa923a1000 	C:\WINDOWS\System32\RPCRT4.dll
0x00007ffa92bb0000 - 0x00007ffa92d15000 	C:\WINDOWS\System32\USER32.dll
0x00007ffa90040000 - 0x00007ffa9005e000 	C:\WINDOWS\System32\win32u.dll
0x00007ffa92240000 - 0x00007ffa92274000 	C:\WINDOWS\System32\GDI32.dll
0x00007ffa8fec0000 - 0x00007ffa90040000 	C:\WINDOWS\System32\gdi32full.dll
0x00007ffa86200000 - 0x00007ffa8647a000 	C:\WINDOWS\WinSxS\amd64_microsoft.windows.common-controls_6595b64144ccf1df_6.0.14393.953_none_42151e83c686086b\COMCTL32.dll
0x00007ffa923b0000 - 0x00007ffa92678000 	C:\WINDOWS\System32\combase.dll
0x00007ffa8f290000 - 0x00007ffa8f385000 	C:\WINDOWS\System32\ucrtbase.dll
0x00007ffa8f560000 - 0x00007ffa8f5ca000 	C:\WINDOWS\System32\bcryptPrimitives.dll
0x00007ffa92d80000 - 0x00007ffa92dae000 	C:\WINDOWS\System32\IMM32.DLL
0x0000000076f40000 - 0x0000000077012000 	C:\Program Files\Java\jdk1.8.0_144\jre\bin\msvcr100.dll
0x0000000077020000 - 0x00000000778bd000 	C:\Program Files\Java\jdk1.8.0_144\jre\bin\server\jvm.dll
0x00007ffa903d0000 - 0x00007ffa903d8000 	C:\WINDOWS\System32\PSAPI.DLL
0x00007ffa83000000 - 0x00007ffa83009000 	C:\WINDOWS\SYSTEM32\WSOCK32.dll
0x00007ffa90670000 - 0x00007ffa906da000 	C:\WINDOWS\System32\WS2_32.dll
0x00007ffa8d810000 - 0x00007ffa8d833000 	C:\WINDOWS\SYSTEM32\WINMM.dll
0x00007ffa8b290000 - 0x00007ffa8b29a000 	C:\WINDOWS\SYSTEM32\VERSION.dll
0x00000000008a0000 - 0x00000000008cb000 	C:\WINDOWS\SYSTEM32\WINMMBASE.dll
0x00007ffa8f5d0000 - 0x00007ffa8f612000 	C:\WINDOWS\System32\cfgmgr32.dll
0x0000000050000000 - 0x000000005000f000 	C:\Program Files\Java\jdk1.8.0_144\jre\bin\verify.dll
0x0000000077b60000 - 0x0000000077b89000 	C:\Program Files\Java\jdk1.8.0_144\jre\bin\java.dll
0x0000000077b40000 - 0x0000000077b56000 	C:\Program Files\Java\jdk1.8.0_144\jre\bin\zip.dll
0x00007ffa907a0000 - 0x00007ffa91ca8000 	C:\WINDOWS\System32\SHELL32.dll
0x00007ffa8f7e0000 - 0x00007ffa8feb8000 	C:\WINDOWS\System32\windows.storage.dll
0x00007ffa8f240000 - 0x00007ffa8f28c000 	C:\WINDOWS\System32\powrprof.dll
0x00007ffa92d20000 - 0x00007ffa92d72000 	C:\WINDOWS\System32\shlwapi.dll
0x00007ffa8f230000 - 0x00007ffa8f23f000 	C:\WINDOWS\System32\kernel.appcore.dll
0x00007ffa8f620000 - 0x00007ffa8f6c9000 	C:\WINDOWS\System32\shcore.dll
0x00007ffa8f200000 - 0x00007ffa8f214000 	C:\WINDOWS\System32\profapi.dll
0x0000000077cb0000 - 0x0000000077cbd000 	C:\Program Files\Java\jdk1.8.0_144\jre\bin\management.dll
0x0000000077b20000 - 0x0000000077b3a000 	C:\Program Files\Java\jdk1.8.0_144\jre\bin\net.dll
0x00007ffa8ead0000 - 0x00007ffa8eb2c000 	C:\WINDOWS\system32\mswsock.dll
0x0000000077b00000 - 0x0000000077b11000 	C:\Program Files\Java\jdk1.8.0_144\jre\bin\nio.dll
0x0000000076cd0000 - 0x0000000076cf4000 	C:\Program Files\Java\jdk1.8.0_144\jre\bin\sunec.dll
0x0000000076cc0000 - 0x0000000076ccb000 	C:\Program Files\Java\jdk1.8.0_144\jre\bin\sunmscapi.dll
0x00007ffa8f390000 - 0x00007ffa8f559000 	C:\WINDOWS\System32\CRYPT32.dll
0x00007ffa8f220000 - 0x00007ffa8f230000 	C:\WINDOWS\System32\MSASN1.dll
0x00007ffa89880000 - 0x00007ffa89898000 	C:\WINDOWS\system32\NLAapi.dll
0x00007ffa80370000 - 0x00007ffa80386000 	C:\WINDOWS\system32\napinsp.dll
0x00007ffa80300000 - 0x00007ffa8031a000 	C:\WINDOWS\system32\pnrpnsp.dll
0x00007ffa8e890000 - 0x00007ffa8e931000 	C:\WINDOWS\SYSTEM32\DNSAPI.dll
0x00007ffa903e0000 - 0x00007ffa903e8000 	C:\WINDOWS\System32\NSI.dll
0x00007ffa8e850000 - 0x00007ffa8e888000 	C:\WINDOWS\SYSTEM32\IPHLPAPI.DLL
0x00007ffa80aa0000 - 0x00007ffa80aae000 	C:\WINDOWS\System32\winrnr.dll
0x00007ffa823b0000 - 0x00007ffa823ba000 	C:\Windows\System32\rasadhlp.dll
0x00007ffa884b0000 - 0x00007ffa8851a000 	C:\WINDOWS\System32\fwpuclnt.dll
0x00007ffa8f140000 - 0x00007ffa8f16b000 	C:\WINDOWS\SYSTEM32\bcrypt.dll
0x00007ffa89140000 - 0x00007ffa89156000 	C:\WINDOWS\SYSTEM32\dhcpcsvc6.DLL
0x00007ffa89120000 - 0x00007ffa8913a000 	C:\WINDOWS\SYSTEM32\dhcpcsvc.DLL

VM Arguments:
jvm_args: -Dfile.encoding=windows-1251 -Duser.country=US -Duser.language=en -Duser.variant 
java_command: org.jacoco.examples.java.gradle.Main
java_class_path (initial): C:\my documents\NetBeansProjects\Neo4j_Java_SocialNetwork\build\classes\main;C:\my documents\NetBeansProjects\Neo4j_Java_SocialNetwork\build\resources\main;C:\Users\Никита\.gradle\caches\modules-2\files-2.1\com.fasterxml.jackson.core\jackson-core\2.4.1\b130bcfb5a9c410c3cbd2e0adec9437e69a39e2c\jackson-core-2.4.1.jar;C:\Users\Никита\.gradle\caches\modules-2\files-2.1\com.fasterxml.jackson.core\jackson-annotations\2.4.1\55605135bd7b836612e0bba7037c9669f6ccf89f\jackson-annotations-2.4.1.jar;C:\Users\Никита\.gradle\caches\modules-2\files-2.1\com.fasterxml.jackson.core\jackson-databind\2.4.1\f07c773f7b3a03c3801d405cadbdc93f7548e321\jackson-databind-2.4.1.jar;C:\Users\Никита\.gradle\caches\modules-2\files-2.1\org.json\json\20160810\aca5eb39e2a12fddd6c472b240afe9ebea3a6733\json-20160810.jar;C:\Users\Никита\.gradle\caches\modules-2\files-2.1\org.neo4j\neo4j\3.3.1\1cc47e5dda2a21818934a587fa37eadcbe6f9d53\neo4j-3.3.1.jar;C:\Users\Никита\.gradle\caches\modules-2\files-2.1\org.projectlombok\lombok\1.16.18\557d13dcb647038dc687390711ccb5c9b3ffbd60\lombok-1.16.18.jar;C:\Users\Никита\.gradle\caches\modules-2\files-2.1\org.slf4j\slf4j-nop\1.7.13\e94a615af59d53c573c3a19309daa4bda313e35a\slf4j-nop-1.7.13.jar;C:\Users\Никита\.gradle\caches\modules-2\files-2.1\org.neo4j\neo4j-kernel\3.3.1\934d9f7609b1c71d8759bc114ee30f124b80a8a5\neo4j-kernel-3.3.1.jar;C:\Users\Никита\.gradle\caches\modules-2\files-2.1\org.neo4j\neo4j-lucene-index\3.3.1\5557c77e9655760bb53f60c1612c7b545bf404ea\neo4j-lucene-index-3.3.1.jar;C:\Users\Никита\.gradle\caches\modules-2\files-2.1\org.neo4j\neo4j-graph-algo\3.3.1\3db50188e55cfe0d177987b668f5954b17cd9f55\neo4j-graph-algo-3.3.1.jar;C:\Users\Никита\.gradle\caches\modules-2\files-2.1\org.neo4j\neo4j-udc\3.3.1\787da124401f6aae955e54111f5f45bfa83d0247\neo4j-udc-3.3.1.jar;C:\Users\Никита\.gradle\caches\modules-2\files-2.1\org.neo4j\neo4j-cypher\3.3.1\1df0eda79ccfa36badf3bd9023d74753d600b271\neo4j-cypher-3.3.1.jar;C:\Users\Никита\.gradle\cache
Launcher Type: SUN_STANDARD

Environment Variables:
JAVA_HOME=C:\Program Files\Java\jdk1.8.0_144
JRE_HOME=C:\Program Files\Java\jre1.8.0_144
CLASSPATH=C:\jackson\jackson-all-1.9.0.jar
PATH=C:\ProgramData\Oracle\Java\javapath;C:\Program Files (x86)\NVIDIA Corporation\PhysX\Common;C:\WINDOWS\system32;C:\WINDOWS;C:\WINDOWS\System32\Wbem;C:\WINDOWS\System32\WindowsPowerShell\v1.0\;C:\Program Files (x86)\Toshiba\Bluetooth Toshiba Stack\sys\;C:\Program Files (x86)\Toshiba\Bluetooth Toshiba Stack\sys\x64\;C:\Program Files (x86)\Microsoft SQL Server\100\Tools\Binn\;C:\Program Files (x86)\Microsoft SQL Server\100\DTS\Binn\;C:\Program Files\Common Files\Autodesk Shared\;C:\Program Files (x86)\QuickTime\QTSystem\;C:\WINDOWS\system32\config\systemprofile\.dnx\bin;C:\Program Files\Microsoft DNX\Dnvm\;C:\Program Files\Microsoft SQL Server\Client SDK\ODBC\110\Tools\Binn\;C:\Program Files (x86)\Microsoft SQL Server\120\Tools\Binn\ManagementStudio\;C:\Program Files (x86)\Microsoft SQL Server\120\Tools\Binn\;C:\Program Files\Microsoft SQL Server\120\Tools\Binn\;C:\Program Files (x86)\Microsoft SQL Server\120\DTS\Binn\;C:\Program Files\Microsoft SQL Server\120\DTS\Binn\;C:\Program Files (x86)\Skype\Phone\;C:\Program Files\Java\jdk1.8.0_144bin;%JMETER_HOME%bin;C:\Program Files (x86)\Brackets\command;C:\Users\Никита\AppData\Local\Programs\Python\Python35-32\;C:\Users\Никита\AppData\Local\Programs\Python\Python35-32\Scripts;C:\Gradle\bin;C:\Program Files\Git\cmd;D:\eclipse\jboss-4.2.1.GA\bin;C:\Users\Никита\AppData\Local\Programs\Python\Python35-32\Scripts\;C:\Users\Никита\AppData\Local\Programs\Python\Python35-32\;C:\Users\Никита\AppData\Local\Microsoft\WindowsApps;C:\Program Files\Java\jdk1.8.0_144\bin;C:\Gradle\bin
USERNAME=Никита
OS=Windows_NT
PROCESSOR_IDENTIFIER=Intel64 Family 6 Model 23 Stepping 10, GenuineIntel



---------------  S Y S T E M  ---------------

OS: Windows 10.0 , 64 bit Build 14393 (10.0.14393.1198)

CPU:total 2 (initial active 2) (2 cores per cpu, 1 threads per core) family 6 model 23 stepping 10, cmov, cx8, fxsr, mmx, sse, sse2, sse3, ssse3, sse4.1, tsc

Memory: 4k page, physical 8352628k(1532616k free), swap 8352628k(5092k free)

vm_info: Java HotSpot(TM) 64-Bit Server VM (25.144-b01) for windows-amd64 JRE (1.8.0_144-b01), built on Jul 21 2017 21:57:33 by "java_re" with MS VC++ 10.0 (VS2010)

time: Mon Dec 04 11:18:03 2017
elapsed time: 7 seconds (0d 0h 0m 7s)

